2026-03-19 09:33:52 +0000  Initial pipeline context: <IDEDistributionProcessingPipelineContext: 0x7f8ca604aa70; archive(resolved)="<IDEArchive: 0x600008c14c40>", distributionTask(resolved)="2", distributionDestination(resolved)="2", distributionMethod(resolved)="<IDEDistributionMethodiOSAppStoreDistribution: 0x60000264dad0>", team(resolved)="<IDEProvisioningDisambiguatableBasicTeam: 0x600003abe0c0; teamID='GDSBJZUPHR', teamName='NTT EAST, Inc.', teamType='Company', username='app-develop-ml@east.ntt.co.jp', isFreeProvisioningTeam='0'>">
	Chain (17, self inclusive):
	<IDEDistributionProcessingPipelineContext: 0x7f8ca604aa70; archive = "<IDEArchive: 0x600008c14c40>", distributionMethod="<IDEDistributionMethodiOSAppStoreDistribution: 0x60000264dad0>", team="<IDEProvisioningDisambiguatableBasicTeam: 0x600003abe0c0; teamID='GDSBJZUPHR', teamName='NTT EAST, Inc.', teamType='Company', username='app-develop-ml@east.ntt.co.jp', isFreeProvisioningTeam='0'>">
	<IDEDistributionProcessingPipelineContext: 0x7f8ca47341a0; archive = "<IDEArchive: 0x600008c14c40>", distributionMethod="<IDEDistributionMethodiOSAppStoreDistribution: 0x60000264dad0>", team="<IDEProvisioningDisambiguatableBasicTeam: 0x600003abe0c0; teamID='GDSBJZUPHR', teamName='NTT EAST, Inc.', teamType='Company', username='app-develop-ml@east.ntt.co.jp', isFreeProvisioningTeam='0'>">
	<IDEDistributionContext: 0x7f8ca4732300; archive = "<IDEArchive: 0x600008c14c40>", distributionMethod="<IDEDistributionMethodiOSAppStoreDistribution: 0x60000264dad0>", team="<IDEProvisioningDisambiguatableBasicTeam: 0x600003abe0c0; teamID='GDSBJZUPHR', teamName='NTT EAST, Inc.', teamType='Company', username='app-develop-ml@east.ntt.co.jp', isFreeProvisioningTeam='0'>">
	<IDEDistributionContext: 0x7f8ca473c6f0; archive = "<IDEArchive: 0x600008c14c40>", distributionMethod="<IDEDistributionMethodiOSAppStoreDistribution: 0x60000264dad0>", team="<IDEProvisioningDisambiguatableBasicTeam: 0x600003abe0c0; teamID='GDSBJZUPHR', teamName='NTT EAST, Inc.', teamType='Company', username='app-develop-ml@east.ntt.co.jp', isFreeProvisioningTeam='0'>">
	<IDEDistributionContext: 0x7f8ca473c4e0; archive = "<IDEArchive: 0x600008c14c40>", distributionMethod="<IDEDistributionMethodiOSAppStoreDistribution: 0x60000264dad0>", team="<IDEProvisioningDisambiguatableBasicTeam: 0x600003abe0c0; teamID='GDSBJZUPHR', teamName='NTT EAST, Inc.', teamType='Company', username='app-develop-ml@east.ntt.co.jp', isFreeProvisioningTeam='0'>">
	<IDEDistributionContext: 0x7f8ca4613390; archive = "<IDEArchive: 0x600008c14c40>", distributionMethod="<IDEDistributionMethodiOSAppStoreDistribution: 0x60000264dad0>", team="<IDEProvisioningDisambiguatableBasicTeam: 0x600003abe0c0; teamID='GDSBJZUPHR', teamName='NTT EAST, Inc.', teamType='Company', username='app-develop-ml@east.ntt.co.jp', isFreeProvisioningTeam='0'>">
	<IDEDistributionContext: 0x7f8cba1e5950; archive = "<IDEArchive: 0x600008c14c40>", distributionMethod="<IDEDistributionMethodiOSAppStoreDistribution: 0x60000264dad0>", team="<IDEProvisioningDisambiguatableBasicTeam: 0x600003abe0c0; teamID='GDSBJZUPHR', teamName='NTT EAST, Inc.', teamType='Company', username='app-develop-ml@east.ntt.co.jp', isFreeProvisioningTeam='0'>">
	<IDEDistributionContext: 0x7f8ca4884aa0; archive = "<IDEArchive: 0x600008c14c40>", distributionMethod="<IDEDistributionMethodiOSAppStoreDistribution: 0x60000264dad0>", team="<IDEProvisioningDisambiguatableBasicTeam: 0x600003abe0c0; teamID='GDSBJZUPHR', teamName='NTT EAST, Inc.', teamType='Company', username='app-develop-ml@east.ntt.co.jp', isFreeProvisioningTeam='0'>">
	<IDEDistributionContext: 0x7f8ca6051400; archive = "<IDEArchive: 0x600008c14c40>", distributionMethod="<IDEDistributionMethodiOSAppStoreDistribution: 0x60000264dad0>", team="<IDEProvisioningDisambiguatableBasicTeam: 0x600003abe0c0; teamID='GDSBJZUPHR', teamName='NTT EAST, Inc.', teamType='Company', username='app-develop-ml@east.ntt.co.jp', isFreeProvisioningTeam='0'>">
	<IDEDistributionContext: 0x7f8ca492b3e0; archive = "<IDEArchive: 0x600008c14c40>", distributionMethod="<IDEDistributionMethodiOSAppStoreDistribution: 0x60000264dad0>", team="<IDEProvisioningDisambiguatableBasicTeam: 0x600003abe0c0; teamID='GDSBJZUPHR', teamName='NTT EAST, Inc.', teamType='Company', username='app-develop-ml@east.ntt.co.jp', isFreeProvisioningTeam='0'>">
	<IDEDistributionContext: 0x7f8ca492aec0; archive = "<IDEArchive: 0x600008c14c40>", distributionMethod="<IDEDistributionMethodiOSAppStoreDistribution: 0x60000264dad0>", team="<IDEProvisioningDisambiguatableBasicTeam: 0x600003abe0c0; teamID='GDSBJZUPHR', teamName='NTT EAST, Inc.', teamType='Company', username='app-develop-ml@east.ntt.co.jp', isFreeProvisioningTeam='0'>">
	<IDEDistributionContext: 0x7f8cba1ad170; archive = "<IDEArchive: 0x600008c14c40>", distributionMethod="<IDEDistributionMethodiOSAppStoreDistribution: 0x60000264dad0>", team="<IDEProvisioningDisambiguatableBasicTeam: 0x600003abe0c0; teamID='GDSBJZUPHR', teamName='NTT EAST, Inc.', teamType='Company', username='app-develop-ml@east.ntt.co.jp', isFreeProvisioningTeam='0'>">
	<IDEDistributionContext: 0x7f8ca484c400; archive = "<IDEArchive: 0x600008c14c40>", distributionMethod="<IDEDistributionMethodiOSAppStoreDistribution: 0x60000264dad0>", team="(null)">
	<IDEDistributionContext: 0x7f8ca472c4d0; archive = "<IDEArchive: 0x600008c14c40>", distributionMethod="<IDEDistributionMethodiOSAppStoreDistribution: 0x60000264dad0>", team="(null)">
	<IDEDistributionContext: 0x7f8cbdc489a0; archive = "<IDEArchive: 0x600008c14c40>", distributionMethod="(null)", team="(null)">
	<IDEDistributionContext: 0x7f8ca48dd880; archive = "<IDEArchive: 0x600008c14c40>", distributionMethod="(null)", team="(null)">
	<IDEDistributionContext: 0x7f8ca48fbbf0; archive = "<IDEArchive: 0x600008c14c40>", distributionMethod="(null)", team="(null)">
</IDEDistributionProcessingPipelineContext: 0x7f8ca604aa70>
2026-03-19 09:33:52 +0000  Processing step: IDEDistributionCreateDestRootStep
2026-03-19 09:33:52 +0000  Processing step: IDEDistributionCopyItemStep
2026-03-19 09:33:52 +0000  Running /usr/bin/ditto '-V' '/Users/mac/Library/Developer/Xcode/Archives/2026-03-19/Runner 3-19-26, 4.03 PM.xcarchive/Products/Applications/Runner.app' '/var/folders/p_/fywqt15n1bb_vwtspnjg4cjc0000gn/T/XcodeDistPipeline.~~~EJEuv3/Root/Payload/Runner.app'
2026-03-19 09:33:52 +0000  >>> Copying /Users/mac/Library/Developer/Xcode/Archives/2026-03-19/Runner 3-19-26, 4.03 PM.xcarchive/Products/Applications/Runner.app 
2026-03-19 09:33:52 +0000  copying file ./_CodeSignature/CodeResources ... 
2026-03-19 09:33:52 +0000  22361 bytes for ./_CodeSignature/CodeResources
2026-03-19 09:33:52 +0000  copying file ./AppIcon60x60@2x.png ... 
2026-03-19 09:33:52 +0000  15335 bytes for ./AppIcon60x60@2x.png
2026-03-19 09:33:52 +0000  copying file ./Runner ... 
2026-03-19 09:33:52 +0000  95056 bytes for ./Runner
2026-03-19 09:33:52 +0000  copying file ./Base.lproj/Main.storyboardc/UIViewController-BYZ-38-t0r.nib ... 
2026-03-19 09:33:52 +0000  951 bytes for ./Base.lproj/Main.storyboardc/UIViewController-BYZ-38-t0r.nib
2026-03-19 09:33:52 +0000  copying file ./Base.lproj/Main.storyboardc/BYZ-38-t0r-view-8bC-Xf-vdC.nib ... 
2026-03-19 09:33:52 +0000  1835 bytes for ./Base.lproj/Main.storyboardc/BYZ-38-t0r-view-8bC-Xf-vdC.nib
2026-03-19 09:33:52 +0000  copying file ./Base.lproj/Main.storyboardc/Info.plist ... 
2026-03-19 09:33:52 +0000  258 bytes for ./Base.lproj/Main.storyboardc/Info.plist
2026-03-19 09:33:52 +0000  copying file ./Base.lproj/LaunchScreen.storyboardc/01J-lp-oVM-view-Ze5-6b-2t3.nib ... 
2026-03-19 09:33:52 +0000  2281 bytes for ./Base.lproj/LaunchScreen.storyboardc/01J-lp-oVM-view-Ze5-6b-2t3.nib
2026-03-19 09:33:52 +0000  copying file ./Base.lproj/LaunchScreen.storyboardc/UIViewController-01J-lp-oVM.nib ... 
2026-03-19 09:33:52 +0000  924 bytes for ./Base.lproj/LaunchScreen.storyboardc/UIViewController-01J-lp-oVM.nib
2026-03-19 09:33:52 +0000  copying file ./Base.lproj/LaunchScreen.storyboardc/Info.plist ... 
2026-03-19 09:33:52 +0000  258 bytes for ./Base.lproj/LaunchScreen.storyboardc/Info.plist
2026-03-19 09:33:52 +0000  copying file ./Assets.car ... 
2026-03-19 09:33:52 +0000  689912 bytes for ./Assets.car
2026-03-19 09:33:52 +0000  copying file ./AppFrameworkInfo.plist ... 
2026-03-19 09:33:52 +0000  377 bytes for ./AppFrameworkInfo.plist
2026-03-19 09:33:52 +0000  copying file ./AppIcon76x76@2x~ipad.png ... 
2026-03-19 09:33:52 +0000  23771 bytes for ./AppIcon76x76@2x~ipad.png
2026-03-19 09:33:52 +0000  copying file ./Frameworks/Flutter.framework/_CodeSignature/CodeResources ... 
2026-03-19 09:33:52 +0000  7070 bytes for ./Frameworks/Flutter.framework/_CodeSignature/CodeResources
2026-03-19 09:33:52 +0000  copying file ./Frameworks/Flutter.framework/icudtl.dat ... 
2026-03-19 09:33:52 +0000  778864 bytes for ./Frameworks/Flutter.framework/icudtl.dat
2026-03-19 09:33:52 +0000  copying file ./Frameworks/Flutter.framework/Flutter ... 
2026-03-19 09:33:52 +0000  8860128 bytes for ./Frameworks/Flutter.framework/Flutter
2026-03-19 09:33:52 +0000  copying file ./Frameworks/Flutter.framework/Headers/FlutterSceneDelegate.h ... 
893 bytes for ./Frameworks/Flutter.framework/Headers/FlutterSceneDelegate.h
copying file ./Frameworks/Flutter.framework/Headers/FlutterEngine.h ... 
2026-03-19 09:33:52 +0000  21723 bytes for ./Frameworks/Flutter.framework/Headers/FlutterEngine.h
2026-03-19 09:33:52 +0000  copying file ./Frameworks/Flutter.framework/Headers/FlutterChannels.h ... 
2026-03-19 09:33:52 +0000  18414 bytes for ./Frameworks/Flutter.framework/Headers/FlutterChannels.h
2026-03-19 09:33:52 +0000  copying file ./Frameworks/Flutter.framework/Headers/FlutterPlugin.h ... 
2026-03-19 09:33:52 +0000  18306 bytes for ./Frameworks/Flutter.framework/Headers/FlutterPlugin.h
2026-03-19 09:33:52 +0000  copying file ./Frameworks/Flutter.framework/Headers/FlutterAppDelegate.h ... 
2026-03-19 09:33:52 +0000  1821 bytes for ./Frameworks/Flutter.framework/Headers/FlutterAppDelegate.h
2026-03-19 09:33:52 +0000  copying file ./Frameworks/Flutter.framework/Headers/FlutterTexture.h ... 
2026-03-19 09:33:52 +0000  2263 bytes for ./Frameworks/Flutter.framework/Headers/FlutterTexture.h
2026-03-19 09:33:52 +0000  copying file ./Frameworks/Flutter.framework/Headers/FlutterEngineGroup.h ... 
2026-03-19 09:33:52 +0000  4755 bytes for ./Frameworks/Flutter.framework/Headers/FlutterEngineGroup.h
2026-03-19 09:33:52 +0000  copying file ./Frameworks/Flutter.framework/Headers/FlutterPlatformViews.h ... 
2026-03-19 09:33:52 +0000  1966 bytes for ./Frameworks/Flutter.framework/Headers/FlutterPlatformViews.h
2026-03-19 09:33:52 +0000  copying file ./Frameworks/Flutter.framework/Headers/FlutterHeadlessDartRunner.h ... 
2026-03-19 09:33:52 +0000  3927 bytes for ./Frameworks/Flutter.framework/Headers/FlutterHeadlessDartRunner.h
2026-03-19 09:33:52 +0000  copying file ./Frameworks/Flutter.framework/Headers/FlutterCodecs.h ... 
2026-03-19 09:33:52 +0000  15290 bytes for ./Frameworks/Flutter.framework/Headers/FlutterCodecs.h
2026-03-19 09:33:52 +0000  copying file ./Frameworks/Flutter.framework/Headers/Flutter.h ... 
2026-03-19 09:33:52 +0000  921 bytes for ./Frameworks/Flutter.framework/Headers/Flutter.h
2026-03-19 09:33:52 +0000  copying file ./Frameworks/Flutter.framework/Headers/FlutterViewController.h ... 
2026-03-19 09:33:52 +0000  10172 bytes for ./Frameworks/Flutter.framework/Headers/FlutterViewController.h
2026-03-19 09:33:52 +0000  copying file ./Frameworks/Flutter.framework/Headers/FlutterMacros.h ... 
2026-03-19 09:33:52 +0000  1823 bytes for ./Frameworks/Flutter.framework/Headers/FlutterMacros.h
2026-03-19 09:33:52 +0000  copying file ./Frameworks/Flutter.framework/Headers/FlutterDartProject.h ... 
2026-03-19 09:33:52 +0000  3914 bytes for ./Frameworks/Flutter.framework/Headers/FlutterDartProject.h
2026-03-19 09:33:52 +0000  copying file ./Frameworks/Flutter.framework/Headers/FlutterHourFormat.h ... 
2026-03-19 09:33:52 +0000  536 bytes for ./Frameworks/Flutter.framework/Headers/FlutterHourFormat.h
2026-03-19 09:33:52 +0000  copying file ./Frameworks/Flutter.framework/Headers/FlutterPluginAppLifeCycleDelegate.h ... 
2026-03-19 09:33:52 +0000  5318 bytes for ./Frameworks/Flutter.framework/Headers/FlutterPluginAppLifeCycleDelegate.h
2026-03-19 09:33:52 +0000  copying file ./Frameworks/Flutter.framework/Headers/FlutterBinaryMessenger.h ... 
2026-03-19 09:33:52 +0000  3761 bytes for ./Frameworks/Flutter.framework/Headers/FlutterBinaryMessenger.h
2026-03-19 09:33:52 +0000  copying file ./Frameworks/Flutter.framework/Headers/FlutterCallbackCache.h ... 
2026-03-19 09:33:52 +0000  1724 bytes for ./Frameworks/Flutter.framework/Headers/FlutterCallbackCache.h
2026-03-19 09:33:52 +0000  copying file ./Frameworks/Flutter.framework/Headers/FlutterSceneLifeCycle.h ... 
2026-03-19 09:33:52 +0000  7729 bytes for ./Frameworks/Flutter.framework/Headers/FlutterSceneLifeCycle.h
2026-03-19 09:33:52 +0000  copying file ./Frameworks/Flutter.framework/PrivacyInfo.xcprivacy ... 
2026-03-19 09:33:52 +0000  845 bytes for ./Frameworks/Flutter.framework/PrivacyInfo.xcprivacy
2026-03-19 09:33:52 +0000  copying file ./Frameworks/Flutter.framework/Modules/module.modulemap ... 
2026-03-19 09:33:52 +0000  95 bytes for ./Frameworks/Flutter.framework/Modules/module.modulemap
2026-03-19 09:33:52 +0000  copying file ./Frameworks/Flutter.framework/Info.plist ... 
2026-03-19 09:33:52 +0000  1081 bytes for ./Frameworks/Flutter.framework/Info.plist
2026-03-19 09:33:52 +0000  copying file ./Frameworks/App.framework/_CodeSignature/CodeResources ... 
2026-03-19 09:33:52 +0000  6868 bytes for ./Frameworks/App.framework/_CodeSignature/CodeResources
2026-03-19 09:33:52 +0000  copying file ./Frameworks/App.framework/App ... 
2026-03-19 09:33:52 +0000  6084048 bytes for ./Frameworks/App.framework/App
2026-03-19 09:33:52 +0000  copying file ./Frameworks/App.framework/flutter_assets/NOTICES.Z ... 
2026-03-19 09:33:52 +0000  108853 bytes for ./Frameworks/App.framework/flutter_assets/NOTICES.Z
2026-03-19 09:33:52 +0000  copying file ./Frameworks/App.framework/flutter_assets/NativeAssetsManifest.json ... 
2026-03-19 09:33:52 +0000  45 bytes for ./Frameworks/App.framework/flutter_assets/NativeAssetsManifest.json
2026-03-19 09:33:52 +0000  copying file ./Frameworks/App.framework/flutter_assets/FontManifest.json ... 
2026-03-19 09:33:52 +0000  208 bytes for ./Frameworks/App.framework/flutter_assets/FontManifest.json
2026-03-19 09:33:52 +0000  copying file ./Frameworks/App.framework/flutter_assets/.env ... 
2026-03-19 09:33:52 +0000  300 bytes for ./Frameworks/App.framework/flutter_assets/.env
2026-03-19 09:33:52 +0000  copying file ./Frameworks/App.framework/flutter_assets/packages/cupertino_icons/assets/CupertinoIcons.ttf ... 
2026-03-19 09:33:52 +0000  257628 bytes for ./Frameworks/App.framework/flutter_assets/packages/cupertino_icons/assets/CupertinoIcons.ttf
2026-03-19 09:33:52 +0000  copying file ./Frameworks/App.framework/flutter_assets/shaders/ink_sparkle.frag ... 
2026-03-19 09:33:52 +0000  11984 bytes for ./Frameworks/App.framework/flutter_assets/shaders/ink_sparkle.frag
2026-03-19 09:33:52 +0000  copying file ./Frameworks/App.framework/flutter_assets/shaders/stretch_effect.frag ... 
2026-03-19 09:33:52 +0000  10176 bytes for ./Frameworks/App.framework/flutter_assets/shaders/stretch_effect.frag
2026-03-19 09:33:52 +0000  copying file ./Frameworks/App.framework/flutter_assets/AssetManifest.bin ... 
2026-03-19 09:33:52 +0000  808 bytes for ./Frameworks/App.framework/flutter_assets/AssetManifest.bin
2026-03-19 09:33:52 +0000  copying file ./Frameworks/App.framework/flutter_assets/fonts/MaterialIcons-Regular.otf ... 
2026-03-19 09:33:52 +0000  2268 bytes for ./Frameworks/App.framework/flutter_assets/fonts/MaterialIcons-Regular.otf
2026-03-19 09:33:52 +0000  copying file ./Frameworks/App.framework/flutter_assets/assets/images/image%20(2).png ... 
2026-03-19 09:33:52 +0000  4518 bytes for ./Frameworks/App.framework/flutter_assets/assets/images/image%20(2).png
2026-03-19 09:33:52 +0000  copying file ./Frameworks/App.framework/flutter_assets/assets/images/image%20(3).png ... 
2026-03-19 09:33:52 +0000  39780 bytes for ./Frameworks/App.framework/flutter_assets/assets/images/image%20(3).png
2026-03-19 09:33:52 +0000  copying file ./Frameworks/App.framework/flutter_assets/assets/images/image%20(8).png ... 
2026-03-19 09:33:52 +0000  2365 bytes for ./Frameworks/App.framework/flutter_assets/assets/images/image%20(8).png
2026-03-19 09:33:52 +0000  copying file ./Frameworks/App.framework/flutter_assets/assets/images/image%20(4).png ... 
2026-03-19 09:33:52 +0000  23630 bytes for ./Frameworks/App.framework/flutter_assets/assets/images/image%20(4).png
2026-03-19 09:33:52 +0000  copying file ./Frameworks/App.framework/flutter_assets/assets/images/image%20(5).png ... 
2026-03-19 09:33:52 +0000  157776 bytes for ./Frameworks/App.framework/flutter_assets/assets/images/image%20(5).png
2026-03-19 09:33:52 +0000  copying file ./Frameworks/App.framework/flutter_assets/assets/images/image%20(6).png ... 
2026-03-19 09:33:52 +0000  45804 bytes for ./Frameworks/App.framework/flutter_assets/assets/images/image%20(6).png
2026-03-19 09:33:52 +0000  copying file ./Frameworks/App.framework/flutter_assets/assets/images/image%20(7).png ... 
2026-03-19 09:33:52 +0000  1867254 bytes for ./Frameworks/App.framework/flutter_assets/assets/images/image%20(7).png
2026-03-19 09:33:52 +0000  copying file ./Frameworks/App.framework/flutter_assets/assets/images/image.png ... 
2026-03-19 09:33:52 +0000  17482 bytes for ./Frameworks/App.framework/flutter_assets/assets/images/image.png
2026-03-19 09:33:52 +0000  copying file ./Frameworks/App.framework/flutter_assets/assets/images/image%20(1).png ... 
2026-03-19 09:33:52 +0000  9732 bytes for ./Frameworks/App.framework/flutter_assets/assets/images/image%20(1).png
2026-03-19 09:33:52 +0000  copying file ./Frameworks/App.framework/flutter_assets/assets/images/bg.png ... 
2026-03-19 09:33:52 +0000  77360 bytes for ./Frameworks/App.framework/flutter_assets/assets/images/bg.png
2026-03-19 09:33:52 +0000  copying file ./Frameworks/App.framework/Info.plist ... 
2026-03-19 09:33:52 +0000  774 bytes for ./Frameworks/App.framework/Info.plist
2026-03-19 09:33:52 +0000  copying file ./Frameworks/path_provider_foundation.framework/_CodeSignature/CodeResources ... 
2026-03-19 09:33:52 +0000  2400 bytes for ./Frameworks/path_provider_foundation.framework/_CodeSignature/CodeResources
2026-03-19 09:33:52 +0000  copying file ./Frameworks/path_provider_foundation.framework/path_provider_foundation_privacy.bundle/PrivacyInfo.xcprivacy ... 
2026-03-19 09:33:52 +0000  373 bytes for ./Frameworks/path_provider_foundation.framework/path_provider_foundation_privacy.bundle/PrivacyInfo.xcprivacy
2026-03-19 09:33:52 +0000  copying file ./Frameworks/path_provider_foundation.framework/path_provider_foundation_privacy.bundle/Info.plist ... 
2026-03-19 09:33:52 +0000  810 bytes for ./Frameworks/path_provider_foundation.framework/path_provider_foundation_privacy.bundle/Info.plist
2026-03-19 09:33:52 +0000  copying file ./Frameworks/path_provider_foundation.framework/Info.plist ... 
2026-03-19 09:33:52 +0000  819 bytes for ./Frameworks/path_provider_foundation.framework/Info.plist
2026-03-19 09:33:52 +0000  copying file ./Frameworks/path_provider_foundation.framework/path_provider_foundation ... 
2026-03-19 09:33:52 +0000  159216 bytes for ./Frameworks/path_provider_foundation.framework/path_provider_foundation
2026-03-19 09:33:52 +0000  copying file ./Frameworks/flutter_secure_storage.framework/_CodeSignature/CodeResources ... 
2026-03-19 09:33:52 +0000  2360 bytes for ./Frameworks/flutter_secure_storage.framework/_CodeSignature/CodeResources
2026-03-19 09:33:52 +0000  copying file ./Frameworks/flutter_secure_storage.framework/flutter_secure_storage ... 
2026-03-19 09:33:52 +0000  204416 bytes for ./Frameworks/flutter_secure_storage.framework/flutter_secure_storage
2026-03-19 09:33:52 +0000  copying file ./Frameworks/flutter_secure_storage.framework/flutter_secure_storage.bundle/PrivacyInfo.xcprivacy ... 
2026-03-19 09:33:52 +0000  372 bytes for ./Frameworks/flutter_secure_storage.framework/flutter_secure_storage.bundle/PrivacyInfo.xcprivacy
2026-03-19 09:33:52 +0000  copying file ./Frameworks/flutter_secure_storage.framework/flutter_secure_storage.bundle/Info.plist ... 
2026-03-19 09:33:52 +0000  789 bytes for ./Frameworks/flutter_secure_storage.framework/flutter_secure_storage.bundle/Info.plist
2026-03-19 09:33:52 +0000  copying file ./Frameworks/flutter_secure_storage.framework/Info.plist ... 
2026-03-19 09:33:52 +0000  815 bytes for ./Frameworks/flutter_secure_storage.framework/Info.plist
2026-03-19 09:33:52 +0000  copying file ./embedded.mobileprovision ... 
2026-03-19 09:33:52 +0000  12111 bytes for ./embedded.mobileprovision
2026-03-19 09:33:52 +0000  copying file ./Info.plist ... 
2026-03-19 09:33:52 +0000  1464 bytes for ./Info.plist
2026-03-19 09:33:52 +0000  copying file ./PkgInfo ... 
2026-03-19 09:33:52 +0000  8 bytes for ./PkgInfo
2026-03-19 09:33:52 +0000  /usr/bin/ditto exited with 0
2026-03-19 09:33:52 +0000  Processing step: IDEDistributionEmbedProfileStep
2026-03-19 09:33:52 +0000  Skipping profile for item: <IDEDistributionItem: 0x600008078360; bundleID='io.flutter.flutter.app', path='<DVTFilePath:0x6000081f6ac0:'/Users/mac/Library/Developer/Xcode/Archives/2026-03-19/Runner 3-19-26, 4.03 PM.xcarchive/Products/Applications/Runner.app/Frameworks/App.framework'>', codeSigningInfo='<_DVTCodeSigningInformation_Path: 0x60000805c900; isSigned='1', isAdHocSigned='0', signingCertificate='<DVTSigningCertificate: 0x600001fe0180; name='Apple Distribution: NTT EAST, Inc. (GDSBJZUPHR)', hash='4D7BEEA170842CBE3F13CEE4F7C36892B5CA929E', serialNumber='2E87BE32812ABCDA987699E60BDE5176', certificateKinds='(
    "1.2.840.113635.100.6.1.7",
    "1.2.840.113635.100.6.1.4"
), issueDate='2026-03-06 08:18:05 +0000''>', entitlements='(null)', teamID='GDSBJZUPHR', identifier='io.flutter.flutter.app', executablePath='<DVTFilePath:0x6000081f56e0:'/Users/mac/Library/Developer/Xcode/Archives/2026-03-19/Runner 3-19-26, 4.03 PM.xcarchive/Products/Applications/Runner.app/Frameworks/App.framework/App'>', hardenedRuntime='0'>'>
2026-03-19 09:33:52 +0000  Skipping profile for item: <IDEDistributionItem: 0x600008078f00; bundleID='io.flutter.flutter', path='<DVTFilePath:0x600008dcaf40:'/Users/mac/Library/Developer/Xcode/Archives/2026-03-19/Runner 3-19-26, 4.03 PM.xcarchive/Products/Applications/Runner.app/Frameworks/Flutter.framework'>', codeSigningInfo='<_DVTCodeSigningInformation_Path: 0x600008079800; isSigned='1', isAdHocSigned='0', signingCertificate='<DVTSigningCertificate: 0x600001fe0180; name='Apple Distribution: NTT EAST, Inc. (GDSBJZUPHR)', hash='4D7BEEA170842CBE3F13CEE4F7C36892B5CA929E', serialNumber='2E87BE32812ABCDA987699E60BDE5176', certificateKinds='(
    "1.2.840.113635.100.6.1.7",
    "1.2.840.113635.100.6.1.4"
), issueDate='2026-03-06 08:18:05 +0000''>', entitlements='(null)', teamID='GDSBJZUPHR', identifier='io.flutter.flutter', executablePath='<DVTFilePath:0x6000081f7ba0:'/Users/mac/Library/Developer/Xcode/Archives/2026-03-19/Runner 3-19-26, 4.03 PM.xcarchive/Products/Applications/Runner.app/Frameworks/Flutter.framework/Flutter'>', hardenedRuntime='0'>'>
2026-03-19 09:33:52 +0000  Skipping profile for item: <IDEDistributionItem: 0x600008079200; bundleID='org.cocoapods.flutter-secure-storage', path='<DVTFilePath:0x600004904900:'/Users/mac/Library/Developer/Xcode/Archives/2026-03-19/Runner 3-19-26, 4.03 PM.xcarchive/Products/Applications/Runner.app/Frameworks/flutter_secure_storage.framework'>', codeSigningInfo='<_DVTCodeSigningInformation_Path: 0x600008077240; isSigned='1', isAdHocSigned='0', signingCertificate='<DVTSigningCertificate: 0x600001fec000; name='Apple Distribution: NTT EAST, Inc. (GDSBJZUPHR)', hash='4D7BEEA170842CBE3F13CEE4F7C36892B5CA929E', serialNumber='2E87BE32812ABCDA987699E60BDE5176', certificateKinds='(
    "1.2.840.113635.100.6.1.7",
    "1.2.840.113635.100.6.1.4"
), issueDate='2026-03-06 08:18:05 +0000''>', entitlements='(null)', teamID='GDSBJZUPHR', identifier='org.cocoapods.flutter-secure-storage', executablePath='<DVTFilePath:0x600000e22610:'/Users/mac/Library/Developer/Xcode/Archives/2026-03-19/Runner 3-19-26, 4.03 PM.xcarchive/Products/Applications/Runner.app/Frameworks/flutter_secure_storage.framework/flutter_secure_storage'>', hardenedRuntime='0'>'>
2026-03-19 09:33:52 +0000  Skipping profile for item: <IDEDistributionItem: 0x600008078000; bundleID='org.cocoapods.path-provider-foundation', path='<DVTFilePath:0x600004974980:'/Users/mac/Library/Developer/Xcode/Archives/2026-03-19/Runner 3-19-26, 4.03 PM.xcarchive/Products/Applications/Runner.app/Frameworks/path_provider_foundation.framework'>', codeSigningInfo='<_DVTCodeSigningInformation_Path: 0x6000080754a0; isSigned='1', isAdHocSigned='0', signingCertificate='<DVTSigningCertificate: 0x600001fec000; name='Apple Distribution: NTT EAST, Inc. (GDSBJZUPHR)', hash='4D7BEEA170842CBE3F13CEE4F7C36892B5CA929E', serialNumber='2E87BE32812ABCDA987699E60BDE5176', certificateKinds='(
    "1.2.840.113635.100.6.1.7",
    "1.2.840.113635.100.6.1.4"
), issueDate='2026-03-06 08:18:05 +0000''>', entitlements='(null)', teamID='GDSBJZUPHR', identifier='org.cocoapods.path-provider-foundation', executablePath='<DVTFilePath:0x600008c15880:'/Users/mac/Library/Developer/Xcode/Archives/2026-03-19/Runner 3-19-26, 4.03 PM.xcarchive/Products/Applications/Runner.app/Frameworks/path_provider_foundation.framework/path_provider_foundation'>', hardenedRuntime='0'>'>
2026-03-19 09:33:52 +0000  Processing step: IDEDistributionInfoPlistStep
2026-03-19 09:33:52 +0000  Skipping Info.plist step because item: <IDEDistributionItem: 0x600008078360; bundleID='io.flutter.flutter.app', path='<DVTFilePath:0x6000081f6ac0:'/Users/mac/Library/Developer/Xcode/Archives/2026-03-19/Runner 3-19-26, 4.03 PM.xcarchive/Products/Applications/Runner.app/Frameworks/App.framework'>', codeSigningInfo='<_DVTCodeSigningInformation_Path: 0x60000805c900; isSigned='1', isAdHocSigned='0', signingCertificate='<DVTSigningCertificate: 0x600001fec000; name='Apple Distribution: NTT EAST, Inc. (GDSBJZUPHR)', hash='4D7BEEA170842CBE3F13CEE4F7C36892B5CA929E', serialNumber='2E87BE32812ABCDA987699E60BDE5176', certificateKinds='(
    "1.2.840.113635.100.6.1.7",
    "1.2.840.113635.100.6.1.4"
), issueDate='2026-03-06 08:18:05 +0000''>', entitlements='(null)', teamID='GDSBJZUPHR', identifier='io.flutter.flutter.app', executablePath='<DVTFilePath:0x6000081f56e0:'/Users/mac/Library/Developer/Xcode/Archives/2026-03-19/Runner 3-19-26, 4.03 PM.xcarchive/Products/Applications/Runner.app/Frameworks/App.framework/App'>', hardenedRuntime='0'>'> is a framework or embedded in a framework.
2026-03-19 09:33:52 +0000  Skipping Info.plist step because item: <IDEDistributionItem: 0x600008078f00; bundleID='io.flutter.flutter', path='<DVTFilePath:0x600008dcaf40:'/Users/mac/Library/Developer/Xcode/Archives/2026-03-19/Runner 3-19-26, 4.03 PM.xcarchive/Products/Applications/Runner.app/Frameworks/Flutter.framework'>', codeSigningInfo='<_DVTCodeSigningInformation_Path: 0x600008079800; isSigned='1', isAdHocSigned='0', signingCertificate='<DVTSigningCertificate: 0x600001fec000; name='Apple Distribution: NTT EAST, Inc. (GDSBJZUPHR)', hash='4D7BEEA170842CBE3F13CEE4F7C36892B5CA929E', serialNumber='2E87BE32812ABCDA987699E60BDE5176', certificateKinds='(
    "1.2.840.113635.100.6.1.7",
    "1.2.840.113635.100.6.1.4"
), issueDate='2026-03-06 08:18:05 +0000''>', entitlements='(null)', teamID='GDSBJZUPHR', identifier='io.flutter.flutter', executablePath='<DVTFilePath:0x6000081f7ba0:'/Users/mac/Library/Developer/Xcode/Archives/2026-03-19/Runner 3-19-26, 4.03 PM.xcarchive/Products/Applications/Runner.app/Frameworks/Flutter.framework/Flutter'>', hardenedRuntime='0'>'> is a framework or embedded in a framework.
2026-03-19 09:33:52 +0000  Skipping Info.plist step because item: <IDEDistributionItem: 0x600008079200; bundleID='org.cocoapods.flutter-secure-storage', path='<DVTFilePath:0x600004904900:'/Users/mac/Library/Developer/Xcode/Archives/2026-03-19/Runner 3-19-26, 4.03 PM.xcarchive/Products/Applications/Runner.app/Frameworks/flutter_secure_storage.framework'>', codeSigningInfo='<_DVTCodeSigningInformation_Path: 0x600008077240; isSigned='1', isAdHocSigned='0', signingCertificate='<DVTSigningCertificate: 0x600001fec000; name='Apple Distribution: NTT EAST, Inc. (GDSBJZUPHR)', hash='4D7BEEA170842CBE3F13CEE4F7C36892B5CA929E', serialNumber='2E87BE32812ABCDA987699E60BDE5176', certificateKinds='(
    "1.2.840.113635.100.6.1.7",
    "1.2.840.113635.100.6.1.4"
), issueDate='2026-03-06 08:18:05 +0000''>', entitlements='(null)', teamID='GDSBJZUPHR', identifier='org.cocoapods.flutter-secure-storage', executablePath='<DVTFilePath:0x600000e22610:'/Users/mac/Library/Developer/Xcode/Archives/2026-03-19/Runner 3-19-26, 4.03 PM.xcarchive/Products/Applications/Runner.app/Frameworks/flutter_secure_storage.framework/flutter_secure_storage'>', hardenedRuntime='0'>'> is a framework or embedded in a framework.
2026-03-19 09:33:52 +0000  Skipping Info.plist step because item: <IDEDistributionItem: 0x600008078000; bundleID='org.cocoapods.path-provider-foundation', path='<DVTFilePath:0x600004974980:'/Users/mac/Library/Developer/Xcode/Archives/2026-03-19/Runner 3-19-26, 4.03 PM.xcarchive/Products/Applications/Runner.app/Frameworks/path_provider_foundation.framework'>', codeSigningInfo='<_DVTCodeSigningInformation_Path: 0x6000080754a0; isSigned='1', isAdHocSigned='0', signingCertificate='<DVTSigningCertificate: 0x600001fec000; name='Apple Distribution: NTT EAST, Inc. (GDSBJZUPHR)', hash='4D7BEEA170842CBE3F13CEE4F7C36892B5CA929E', serialNumber='2E87BE32812ABCDA987699E60BDE5176', certificateKinds='(
    "1.2.840.113635.100.6.1.7",
    "1.2.840.113635.100.6.1.4"
), issueDate='2026-03-06 08:18:05 +0000''>', entitlements='(null)', teamID='GDSBJZUPHR', identifier='org.cocoapods.path-provider-foundation', executablePath='<DVTFilePath:0x600008c15880:'/Users/mac/Library/Developer/Xcode/Archives/2026-03-19/Runner 3-19-26, 4.03 PM.xcarchive/Products/Applications/Runner.app/Frameworks/path_provider_foundation.framework/path_provider_foundation'>', hardenedRuntime='0'>'> is a framework or embedded in a framework.
2026-03-19 09:33:52 +0000  Skipping setting DTXcodeBuildDistribution because toolsBuildVersionName was nil.
2026-03-19 09:33:52 +0000  Processing step: IDEDistributionItemRemovalStep
2026-03-19 09:33:52 +0000  Processing step: IDEDistributionAppThinningPlistStep
2026-03-19 09:33:52 +0000  Skipping step: IDEDistributionAppThinningPlistStep because it said so
2026-03-19 09:33:52 +0000  Processing step: IDEDistributionSymbolsStep
2026-03-19 09:33:52 +0000  Writing /var/folders/p_/fywqt15n1bb_vwtspnjg4cjc0000gn/T/XcodeDistPipeline.~~~EJEuv3/Symbols/9A8728E7-046F-3325-BEAE-0AEA5C3B0333.symbols
2026-03-19 09:33:52 +0000  Writing /var/folders/p_/fywqt15n1bb_vwtspnjg4cjc0000gn/T/XcodeDistPipeline.~~~EJEuv3/Symbols/51845E9F-D1EC-3849-8CE3-C38085CF8039.symbols
2026-03-19 09:33:54 +0000  Writing /var/folders/p_/fywqt15n1bb_vwtspnjg4cjc0000gn/T/XcodeDistPipeline.~~~EJEuv3/Symbols/4C4C4457-5555-3144-A190-34B5DA747DBC.symbols
2026-03-19 09:33:54 +0000  Writing /var/folders/p_/fywqt15n1bb_vwtspnjg4cjc0000gn/T/XcodeDistPipeline.~~~EJEuv3/Symbols/95EAB919-9978-3F47-9C89-FDDD9D258C08.symbols
2026-03-19 09:33:54 +0000  Writing /var/folders/p_/fywqt15n1bb_vwtspnjg4cjc0000gn/T/XcodeDistPipeline.~~~EJEuv3/Symbols/A7FCE0E8-AA5C-31B5-93DE-075A78C85FDD.symbols
2026-03-19 09:33:54 +0000  Processing step: IDEDistributionCopyAppleProvidedContentStep
2026-03-19 09:33:54 +0000  Processing step: IDEDistributionAppThinningStep
2026-03-19 09:33:54 +0000  Skipping step: IDEDistributionAppThinningStep because it said so
2026-03-19 09:33:54 +0000  Processing step: IDEDistributionArchThinningStep
2026-03-19 09:33:54 +0000  Archs to thin for item /Users/mac/Library/Developer/Xcode/Archives/2026-03-19/Runner 3-19-26, 4.03 PM.xcarchive/Products/Applications/Runner.app/Frameworks/App.framework are []
2026-03-19 09:33:54 +0000  Archs to thin for item /Users/mac/Library/Developer/Xcode/Archives/2026-03-19/Runner 3-19-26, 4.03 PM.xcarchive/Products/Applications/Runner.app/Frameworks/Flutter.framework are []
2026-03-19 09:33:54 +0000  Archs to thin for item /Users/mac/Library/Developer/Xcode/Archives/2026-03-19/Runner 3-19-26, 4.03 PM.xcarchive/Products/Applications/Runner.app/Frameworks/flutter_secure_storage.framework are []
2026-03-19 09:33:54 +0000  Archs to thin for item /Users/mac/Library/Developer/Xcode/Archives/2026-03-19/Runner 3-19-26, 4.03 PM.xcarchive/Products/Applications/Runner.app/Frameworks/path_provider_foundation.framework are []
2026-03-19 09:33:54 +0000  Archs to thin for item /Users/mac/Library/Developer/Xcode/Archives/2026-03-19/Runner 3-19-26, 4.03 PM.xcarchive/Products/Applications/Runner.app are []
2026-03-19 09:33:54 +0000  Processing step: IDEDistributionODRStep
2026-03-19 09:33:54 +0000  Processing step: IDEDistributionStripXattrsStep
2026-03-19 09:33:54 +0000  Skipping stripping extended attributes because the codesign step will strip them.
2026-03-19 09:33:54 +0000  Skipping stripping extended attributes because the codesign step will strip them.
2026-03-19 09:33:54 +0000  Skipping stripping extended attributes because the codesign step will strip them.
2026-03-19 09:33:54 +0000  Skipping stripping extended attributes because the codesign step will strip them.
2026-03-19 09:33:54 +0000  Skipping stripping extended attributes because the codesign step will strip them.
2026-03-19 09:33:54 +0000  Processing step: IDEDistributionCodesignStep
2026-03-19 09:33:54 +0000  Entitlements for <IDEDistributionItem: 0x600008078360; bundleID='io.flutter.flutter.app', path='<DVTFilePath:0x6000081f6ac0:'/Users/mac/Library/Developer/Xcode/Archives/2026-03-19/Runner 3-19-26, 4.03 PM.xcarchive/Products/Applications/Runner.app/Frameworks/App.framework'>', codeSigningInfo='<_DVTCodeSigningInformation_Path: 0x60000805c900; isSigned='1', isAdHocSigned='0', signingCertificate='<DVTSigningCertificate: 0x6000050040c0; name='Apple Distribution: NTT EAST, Inc. (GDSBJZUPHR)', hash='4D7BEEA170842CBE3F13CEE4F7C36892B5CA929E', serialNumber='2E87BE32812ABCDA987699E60BDE5176', certificateKinds='(
    "1.2.840.113635.100.6.1.7",
    "1.2.840.113635.100.6.1.4"
), issueDate='2026-03-06 08:18:05 +0000''>', entitlements='(null)', teamID='GDSBJZUPHR', identifier='io.flutter.flutter.app', executablePath='<DVTFilePath:0x6000081f56e0:'/Users/mac/Library/Developer/Xcode/Archives/2026-03-19/Runner 3-19-26, 4.03 PM.xcarchive/Products/Applications/Runner.app/Frameworks/App.framework/App'>', hardenedRuntime='0'>'>: {
}
2026-03-19 09:33:54 +0000  Associated App Clip Identifiers Filter: Skipping because "com.apple.developer.associated-appclip-app-identifiers" is not present
2026-03-19 09:33:54 +0000  Entitlements for <IDEDistributionItem: 0x600008078360; bundleID='io.flutter.flutter.app', path='<DVTFilePath:0x6000081f6ac0:'/Users/mac/Library/Developer/Xcode/Archives/2026-03-19/Runner 3-19-26, 4.03 PM.xcarchive/Products/Applications/Runner.app/Frameworks/App.framework'>', codeSigningInfo='<_DVTCodeSigningInformation_Path: 0x60000805c900; isSigned='1', isAdHocSigned='0', signingCertificate='<DVTSigningCertificate: 0x600001f8e880; name='Apple Distribution: NTT EAST, Inc. (GDSBJZUPHR)', hash='4D7BEEA170842CBE3F13CEE4F7C36892B5CA929E', serialNumber='2E87BE32812ABCDA987699E60BDE5176', certificateKinds='(
    "1.2.840.113635.100.6.1.7",
    "1.2.840.113635.100.6.1.4"
), issueDate='2026-03-06 08:18:05 +0000''>', entitlements='(null)', teamID='GDSBJZUPHR', identifier='io.flutter.flutter.app', executablePath='<DVTFilePath:0x6000081f56e0:'/Users/mac/Library/Developer/Xcode/Archives/2026-03-19/Runner 3-19-26, 4.03 PM.xcarchive/Products/Applications/Runner.app/Frameworks/App.framework/App'>', hardenedRuntime='0'>'> are: {
}
2026-03-19 09:33:54 +0000  Writing entitlements for <IDEDistributionItem: 0x600008078360; bundleID='io.flutter.flutter.app', path='<DVTFilePath:0x6000081f6ac0:'/Users/mac/Library/Developer/Xcode/Archives/2026-03-19/Runner 3-19-26, 4.03 PM.xcarchive/Products/Applications/Runner.app/Frameworks/App.framework'>', codeSigningInfo='<_DVTCodeSigningInformation_Path: 0x60000805c900; isSigned='1', isAdHocSigned='0', signingCertificate='<DVTSigningCertificate: 0x6000050040c0; name='Apple Distribution: NTT EAST, Inc. (GDSBJZUPHR)', hash='4D7BEEA170842CBE3F13CEE4F7C36892B5CA929E', serialNumber='2E87BE32812ABCDA987699E60BDE5176', certificateKinds='(
    "1.2.840.113635.100.6.1.7",
    "1.2.840.113635.100.6.1.4"
), issueDate='2026-03-06 08:18:05 +0000''>', entitlements='(null)', teamID='GDSBJZUPHR', identifier='io.flutter.flutter.app', executablePath='<DVTFilePath:0x6000081f56e0:'/Users/mac/Library/Developer/Xcode/Archives/2026-03-19/Runner 3-19-26, 4.03 PM.xcarchive/Products/Applications/Runner.app/Frameworks/App.framework/App'>', hardenedRuntime='0'>'> to: /var/folders/p_/fywqt15n1bb_vwtspnjg4cjc0000gn/T/XcodeDistPipeline.~~~EJEuv3/entitlements~~~lfXNfY
2026-03-19 09:33:54 +0000  invoking codesign: <NSConcreteTask: 0x60000c6635c0; launchPath='/usr/bin/codesign', arguments='(
    "-f",
    "-s",
    4D7BEEA170842CBE3F13CEE4F7C36892B5CA929E,
    "--entitlements",
    "/var/folders/p_/fywqt15n1bb_vwtspnjg4cjc0000gn/T/XcodeDistPipeline.~~~EJEuv3/entitlements~~~lfXNfY",
    "--preserve-metadata=identifier,flags,runtime,launch-constraints,library-constraints",
    "--generate-entitlement-der",
    "--strip-disallowed-xattrs",
    "-vvv",
    "/var/folders/p_/fywqt15n1bb_vwtspnjg4cjc0000gn/T/XcodeDistPipeline.~~~EJEuv3/Root/Payload/Runner.app/Frameworks/App.framework"
)'>
2026-03-19 09:34:00 +0000  codesign output: /var/folders/p_/fywqt15n1bb_vwtspnjg4cjc0000gn/T/XcodeDistPipeline.~~~EJEuv3/Root/Payload/Runner.app/Frameworks/App.framework: replacing existing signature
/var/folders/p_/fywqt15n1bb_vwtspnjg4cjc0000gn/T/XcodeDistPipeline.~~~EJEuv3/Root/Payload/Runner.app/Frameworks/App.framework: signed bundle with Mach-O universal (arm64) [io.flutter.flutter.app]
2026-03-19 09:34:00 +0000  Entitlements for <IDEDistributionItem: 0x600008078f00; bundleID='io.flutter.flutter', path='<DVTFilePath:0x600008dcaf40:'/Users/mac/Library/Developer/Xcode/Archives/2026-03-19/Runner 3-19-26, 4.03 PM.xcarchive/Products/Applications/Runner.app/Frameworks/Flutter.framework'>', codeSigningInfo='<_DVTCodeSigningInformation_Path: 0x600008079800; isSigned='1', isAdHocSigned='0', signingCertificate='<DVTSigningCertificate: 0x600005005140; name='Apple Distribution: NTT EAST, Inc. (GDSBJZUPHR)', hash='4D7BEEA170842CBE3F13CEE4F7C36892B5CA929E', serialNumber='2E87BE32812ABCDA987699E60BDE5176', certificateKinds='(
    "1.2.840.113635.100.6.1.7",
    "1.2.840.113635.100.6.1.4"
), issueDate='2026-03-06 08:18:05 +0000''>', entitlements='(null)', teamID='GDSBJZUPHR', identifier='io.flutter.flutter', executablePath='<DVTFilePath:0x6000081f7ba0:'/Users/mac/Library/Developer/Xcode/Archives/2026-03-19/Runner 3-19-26, 4.03 PM.xcarchive/Products/Applications/Runner.app/Frameworks/Flutter.framework/Flutter'>', hardenedRuntime='0'>'>: {
}
2026-03-19 09:34:00 +0000  Associated App Clip Identifiers Filter: Skipping because "com.apple.developer.associated-appclip-app-identifiers" is not present
2026-03-19 09:34:00 +0000  Entitlements for <IDEDistributionItem: 0x600008078f00; bundleID='io.flutter.flutter', path='<DVTFilePath:0x600008dcaf40:'/Users/mac/Library/Developer/Xcode/Archives/2026-03-19/Runner 3-19-26, 4.03 PM.xcarchive/Products/Applications/Runner.app/Frameworks/Flutter.framework'>', codeSigningInfo='<_DVTCodeSigningInformation_Path: 0x600008079800; isSigned='1', isAdHocSigned='0', signingCertificate='<DVTSigningCertificate: 0x600001f36d00; name='Apple Distribution: NTT EAST, Inc. (GDSBJZUPHR)', hash='4D7BEEA170842CBE3F13CEE4F7C36892B5CA929E', serialNumber='2E87BE32812ABCDA987699E60BDE5176', certificateKinds='(
    "1.2.840.113635.100.6.1.7",
    "1.2.840.113635.100.6.1.4"
), issueDate='2026-03-06 08:18:05 +0000''>', entitlements='(null)', teamID='GDSBJZUPHR', identifier='io.flutter.flutter', executablePath='<DVTFilePath:0x6000081f7ba0:'/Users/mac/Library/Developer/Xcode/Archives/2026-03-19/Runner 3-19-26, 4.03 PM.xcarchive/Products/Applications/Runner.app/Frameworks/Flutter.framework/Flutter'>', hardenedRuntime='0'>'> are: {
}
2026-03-19 09:34:00 +0000  Writing entitlements for <IDEDistributionItem: 0x600008078f00; bundleID='io.flutter.flutter', path='<DVTFilePath:0x600008dcaf40:'/Users/mac/Library/Developer/Xcode/Archives/2026-03-19/Runner 3-19-26, 4.03 PM.xcarchive/Products/Applications/Runner.app/Frameworks/Flutter.framework'>', codeSigningInfo='<_DVTCodeSigningInformation_Path: 0x600008079800; isSigned='1', isAdHocSigned='0', signingCertificate='<DVTSigningCertificate: 0x600005005800; name='Apple Distribution: NTT EAST, Inc. (GDSBJZUPHR)', hash='4D7BEEA170842CBE3F13CEE4F7C36892B5CA929E', serialNumber='2E87BE32812ABCDA987699E60BDE5176', certificateKinds='(
    "1.2.840.113635.100.6.1.7",
    "1.2.840.113635.100.6.1.4"
), issueDate='2026-03-06 08:18:05 +0000''>', entitlements='(null)', teamID='GDSBJZUPHR', identifier='io.flutter.flutter', executablePath='<DVTFilePath:0x6000081f7ba0:'/Users/mac/Library/Developer/Xcode/Archives/2026-03-19/Runner 3-19-26, 4.03 PM.xcarchive/Products/Applications/Runner.app/Frameworks/Flutter.framework/Flutter'>', hardenedRuntime='0'>'> to: /var/folders/p_/fywqt15n1bb_vwtspnjg4cjc0000gn/T/XcodeDistPipeline.~~~EJEuv3/entitlements~~~E1P1pC
2026-03-19 09:34:00 +0000  invoking codesign: <NSConcreteTask: 0x60000c67e490; launchPath='/usr/bin/codesign', arguments='(
    "-f",
    "-s",
    4D7BEEA170842CBE3F13CEE4F7C36892B5CA929E,
    "--entitlements",
    "/var/folders/p_/fywqt15n1bb_vwtspnjg4cjc0000gn/T/XcodeDistPipeline.~~~EJEuv3/entitlements~~~E1P1pC",
    "--preserve-metadata=identifier,flags,runtime,launch-constraints,library-constraints",
    "--generate-entitlement-der",
    "--strip-disallowed-xattrs",
    "-vvv",
    "/var/folders/p_/fywqt15n1bb_vwtspnjg4cjc0000gn/T/XcodeDistPipeline.~~~EJEuv3/Root/Payload/Runner.app/Frameworks/Flutter.framework"
)'>
2026-03-19 09:34:03 +0000  codesign output: /var/folders/p_/fywqt15n1bb_vwtspnjg4cjc0000gn/T/XcodeDistPipeline.~~~EJEuv3/Root/Payload/Runner.app/Frameworks/Flutter.framework: replacing existing signature
/var/folders/p_/fywqt15n1bb_vwtspnjg4cjc0000gn/T/XcodeDistPipeline.~~~EJEuv3/Root/Payload/Runner.app/Frameworks/Flutter.framework: signed bundle with Mach-O thin (arm64) [io.flutter.flutter]
2026-03-19 09:34:04 +0000  Entitlements for <IDEDistributionItem: 0x600008079200; bundleID='org.cocoapods.flutter-secure-storage', path='<DVTFilePath:0x600004904900:'/Users/mac/Library/Developer/Xcode/Archives/2026-03-19/Runner 3-19-26, 4.03 PM.xcarchive/Products/Applications/Runner.app/Frameworks/flutter_secure_storage.framework'>', codeSigningInfo='<_DVTCodeSigningInformation_Path: 0x600008077240; isSigned='1', isAdHocSigned='0', signingCertificate='<DVTSigningCertificate: 0x600005014fc0; name='Apple Distribution: NTT EAST, Inc. (GDSBJZUPHR)', hash='4D7BEEA170842CBE3F13CEE4F7C36892B5CA929E', serialNumber='2E87BE32812ABCDA987699E60BDE5176', certificateKinds='(
    "1.2.840.113635.100.6.1.7",
    "1.2.840.113635.100.6.1.4"
), issueDate='2026-03-06 08:18:05 +0000''>', entitlements='(null)', teamID='GDSBJZUPHR', identifier='org.cocoapods.flutter-secure-storage', executablePath='<DVTFilePath:0x600000e22610:'/Users/mac/Library/Developer/Xcode/Archives/2026-03-19/Runner 3-19-26, 4.03 PM.xcarchive/Products/Applications/Runner.app/Frameworks/flutter_secure_storage.framework/flutter_secure_storage'>', hardenedRuntime='0'>'>: {
}
2026-03-19 09:34:04 +0000  Associated App Clip Identifiers Filter: Skipping because "com.apple.developer.associated-appclip-app-identifiers" is not present
2026-03-19 09:34:04 +0000  Entitlements for <IDEDistributionItem: 0x600008079200; bundleID='org.cocoapods.flutter-secure-storage', path='<DVTFilePath:0x600004904900:'/Users/mac/Library/Developer/Xcode/Archives/2026-03-19/Runner 3-19-26, 4.03 PM.xcarchive/Products/Applications/Runner.app/Frameworks/flutter_secure_storage.framework'>', codeSigningInfo='<_DVTCodeSigningInformation_Path: 0x600008077240; isSigned='1', isAdHocSigned='0', signingCertificate='<DVTSigningCertificate: 0x600005018000; name='Apple Distribution: NTT EAST, Inc. (GDSBJZUPHR)', hash='4D7BEEA170842CBE3F13CEE4F7C36892B5CA929E', serialNumber='2E87BE32812ABCDA987699E60BDE5176', certificateKinds='(
    "1.2.840.113635.100.6.1.7",
    "1.2.840.113635.100.6.1.4"
), issueDate='2026-03-06 08:18:05 +0000''>', entitlements='(null)', teamID='GDSBJZUPHR', identifier='org.cocoapods.flutter-secure-storage', executablePath='<DVTFilePath:0x600000e22610:'/Users/mac/Library/Developer/Xcode/Archives/2026-03-19/Runner 3-19-26, 4.03 PM.xcarchive/Products/Applications/Runner.app/Frameworks/flutter_secure_storage.framework/flutter_secure_storage'>', hardenedRuntime='0'>'> are: {
}
2026-03-19 09:34:04 +0000  Writing entitlements for <IDEDistributionItem: 0x600008079200; bundleID='org.cocoapods.flutter-secure-storage', path='<DVTFilePath:0x600004904900:'/Users/mac/Library/Developer/Xcode/Archives/2026-03-19/Runner 3-19-26, 4.03 PM.xcarchive/Products/Applications/Runner.app/Frameworks/flutter_secure_storage.framework'>', codeSigningInfo='<_DVTCodeSigningInformation_Path: 0x600008077240; isSigned='1', isAdHocSigned='0', signingCertificate='<DVTSigningCertificate: 0x600005014fc0; name='Apple Distribution: NTT EAST, Inc. (GDSBJZUPHR)', hash='4D7BEEA170842CBE3F13CEE4F7C36892B5CA929E', serialNumber='2E87BE32812ABCDA987699E60BDE5176', certificateKinds='(
    "1.2.840.113635.100.6.1.7",
    "1.2.840.113635.100.6.1.4"
), issueDate='2026-03-06 08:18:05 +0000''>', entitlements='(null)', teamID='GDSBJZUPHR', identifier='org.cocoapods.flutter-secure-storage', executablePath='<DVTFilePath:0x600000e22610:'/Users/mac/Library/Developer/Xcode/Archives/2026-03-19/Runner 3-19-26, 4.03 PM.xcarchive/Products/Applications/Runner.app/Frameworks/flutter_secure_storage.framework/flutter_secure_storage'>', hardenedRuntime='0'>'> to: /var/folders/p_/fywqt15n1bb_vwtspnjg4cjc0000gn/T/XcodeDistPipeline.~~~EJEuv3/entitlements~~~ZTn7Ud
2026-03-19 09:34:04 +0000  invoking codesign: <NSConcreteTask: 0x60000c6028a0; launchPath='/usr/bin/codesign', arguments='(
    "-f",
    "-s",
    4D7BEEA170842CBE3F13CEE4F7C36892B5CA929E,
    "--entitlements",
    "/var/folders/p_/fywqt15n1bb_vwtspnjg4cjc0000gn/T/XcodeDistPipeline.~~~EJEuv3/entitlements~~~ZTn7Ud",
    "--preserve-metadata=identifier,flags,runtime,launch-constraints,library-constraints",
    "--generate-entitlement-der",
    "--strip-disallowed-xattrs",
    "-vvv",
    "/var/folders/p_/fywqt15n1bb_vwtspnjg4cjc0000gn/T/XcodeDistPipeline.~~~EJEuv3/Root/Payload/Runner.app/Frameworks/flutter_secure_storage.framework"
)'>
2026-03-19 09:34:06 +0000  codesign output: /var/folders/p_/fywqt15n1bb_vwtspnjg4cjc0000gn/T/XcodeDistPipeline.~~~EJEuv3/Root/Payload/Runner.app/Frameworks/flutter_secure_storage.framework: replacing existing signature
/var/folders/p_/fywqt15n1bb_vwtspnjg4cjc0000gn/T/XcodeDistPipeline.~~~EJEuv3/Root/Payload/Runner.app/Frameworks/flutter_secure_storage.framework: signed bundle with Mach-O thin (arm64) [org.cocoapods.flutter-secure-storage]
2026-03-19 09:34:06 +0000  Entitlements for <IDEDistributionItem: 0x600008078000; bundleID='org.cocoapods.path-provider-foundation', path='<DVTFilePath:0x600004974980:'/Users/mac/Library/Developer/Xcode/Archives/2026-03-19/Runner 3-19-26, 4.03 PM.xcarchive/Products/Applications/Runner.app/Frameworks/path_provider_foundation.framework'>', codeSigningInfo='<_DVTCodeSigningInformation_Path: 0x6000080754a0; isSigned='1', isAdHocSigned='0', signingCertificate='<DVTSigningCertificate: 0x600001fdc480; name='Apple Distribution: NTT EAST, Inc. (GDSBJZUPHR)', hash='4D7BEEA170842CBE3F13CEE4F7C36892B5CA929E', serialNumber='2E87BE32812ABCDA987699E60BDE5176', certificateKinds='(
    "1.2.840.113635.100.6.1.7",
    "1.2.840.113635.100.6.1.4"
), issueDate='2026-03-06 08:18:05 +0000''>', entitlements='(null)', teamID='GDSBJZUPHR', identifier='org.cocoapods.path-provider-foundation', executablePath='<DVTFilePath:0x600008c15880:'/Users/mac/Library/Developer/Xcode/Archives/2026-03-19/Runner 3-19-26, 4.03 PM.xcarchive/Products/Applications/Runner.app/Frameworks/path_provider_foundation.framework/path_provider_foundation'>', hardenedRuntime='0'>'>: {
}
2026-03-19 09:34:06 +0000  Associated App Clip Identifiers Filter: Skipping because "com.apple.developer.associated-appclip-app-identifiers" is not present
2026-03-19 09:34:06 +0000  Entitlements for <IDEDistributionItem: 0x600008078000; bundleID='org.cocoapods.path-provider-foundation', path='<DVTFilePath:0x600004974980:'/Users/mac/Library/Developer/Xcode/Archives/2026-03-19/Runner 3-19-26, 4.03 PM.xcarchive/Products/Applications/Runner.app/Frameworks/path_provider_foundation.framework'>', codeSigningInfo='<_DVTCodeSigningInformation_Path: 0x6000080754a0; isSigned='1', isAdHocSigned='0', signingCertificate='<DVTSigningCertificate: 0x600005019080; name='Apple Distribution: NTT EAST, Inc. (GDSBJZUPHR)', hash='4D7BEEA170842CBE3F13CEE4F7C36892B5CA929E', serialNumber='2E87BE32812ABCDA987699E60BDE5176', certificateKinds='(
    "1.2.840.113635.100.6.1.7",
    "1.2.840.113635.100.6.1.4"
), issueDate='2026-03-06 08:18:05 +0000''>', entitlements='(null)', teamID='GDSBJZUPHR', identifier='org.cocoapods.path-provider-foundation', executablePath='<DVTFilePath:0x600008c15880:'/Users/mac/Library/Developer/Xcode/Archives/2026-03-19/Runner 3-19-26, 4.03 PM.xcarchive/Products/Applications/Runner.app/Frameworks/path_provider_foundation.framework/path_provider_foundation'>', hardenedRuntime='0'>'> are: {
}
2026-03-19 09:34:06 +0000  Writing entitlements for <IDEDistributionItem: 0x600008078000; bundleID='org.cocoapods.path-provider-foundation', path='<DVTFilePath:0x600004974980:'/Users/mac/Library/Developer/Xcode/Archives/2026-03-19/Runner 3-19-26, 4.03 PM.xcarchive/Products/Applications/Runner.app/Frameworks/path_provider_foundation.framework'>', codeSigningInfo='<_DVTCodeSigningInformation_Path: 0x6000080754a0; isSigned='1', isAdHocSigned='0', signingCertificate='<DVTSigningCertificate: 0x600005019080; name='Apple Distribution: NTT EAST, Inc. (GDSBJZUPHR)', hash='4D7BEEA170842CBE3F13CEE4F7C36892B5CA929E', serialNumber='2E87BE32812ABCDA987699E60BDE5176', certificateKinds='(
    "1.2.840.113635.100.6.1.7",
    "1.2.840.113635.100.6.1.4"
), issueDate='2026-03-06 08:18:05 +0000''>', entitlements='(null)', teamID='GDSBJZUPHR', identifier='org.cocoapods.path-provider-foundation', executablePath='<DVTFilePath:0x600008c15880:'/Users/mac/Library/Developer/Xcode/Archives/2026-03-19/Runner 3-19-26, 4.03 PM.xcarchive/Products/Applications/Runner.app/Frameworks/path_provider_foundation.framework/path_provider_foundation'>', hardenedRuntime='0'>'> to: /var/folders/p_/fywqt15n1bb_vwtspnjg4cjc0000gn/T/XcodeDistPipeline.~~~EJEuv3/entitlements~~~68WGPV
2026-03-19 09:34:06 +0000  invoking codesign: <NSConcreteTask: 0x60000c626990; launchPath='/usr/bin/codesign', arguments='(
    "-f",
    "-s",
    4D7BEEA170842CBE3F13CEE4F7C36892B5CA929E,
    "--entitlements",
    "/var/folders/p_/fywqt15n1bb_vwtspnjg4cjc0000gn/T/XcodeDistPipeline.~~~EJEuv3/entitlements~~~68WGPV",
    "--preserve-metadata=identifier,flags,runtime,launch-constraints,library-constraints",
    "--generate-entitlement-der",
    "--strip-disallowed-xattrs",
    "-vvv",
    "/var/folders/p_/fywqt15n1bb_vwtspnjg4cjc0000gn/T/XcodeDistPipeline.~~~EJEuv3/Root/Payload/Runner.app/Frameworks/path_provider_foundation.framework"
)'>
2026-03-19 09:34:09 +0000  codesign output: /var/folders/p_/fywqt15n1bb_vwtspnjg4cjc0000gn/T/XcodeDistPipeline.~~~EJEuv3/Root/Payload/Runner.app/Frameworks/path_provider_foundation.framework: replacing existing signature
/var/folders/p_/fywqt15n1bb_vwtspnjg4cjc0000gn/T/XcodeDistPipeline.~~~EJEuv3/Root/Payload/Runner.app/Frameworks/path_provider_foundation.framework: signed bundle with Mach-O thin (arm64) [org.cocoapods.path-provider-foundation]
2026-03-19 09:34:09 +0000  Entitlements for <IDEDistributionItem: 0x600008079a40; bundleID='jp.co.ntt.east.NttEastOsvaEms', path='<DVTFilePath:0x600008169ce0:'/Users/mac/Library/Developer/Xcode/Archives/2026-03-19/Runner 3-19-26, 4.03 PM.xcarchive/Products/Applications/Runner.app'>', codeSigningInfo='<_DVTCodeSigningInformation_Path: 0x600008078120; isSigned='1', isAdHocSigned='0', signingCertificate='<DVTSigningCertificate: 0x600005018000; name='Apple Distribution: NTT EAST, Inc. (GDSBJZUPHR)', hash='4D7BEEA170842CBE3F13CEE4F7C36892B5CA929E', serialNumber='2E87BE32812ABCDA987699E60BDE5176', certificateKinds='(
    "1.2.840.113635.100.6.1.7",
    "1.2.840.113635.100.6.1.4"
), issueDate='2026-03-06 08:18:05 +0000''>', entitlements='{
    "application-identifier" = "GDSBJZUPHR.jp.co.ntt.east.NttEastOsvaEms";
    "beta-reports-active" = 1;
    "com.apple.developer.team-identifier" = GDSBJZUPHR;
    "get-task-allow" = 0;
}', teamID='GDSBJZUPHR', identifier='jp.co.ntt.east.NttEastOsvaEms', executablePath='<DVTFilePath:0x60000816a820:'/Users/mac/Library/Developer/Xcode/Archives/2026-03-19/Runner 3-19-26, 4.03 PM.xcarchive/Products/Applications/Runner.app/Runner'>', hardenedRuntime='0'>'>: {
    "application-identifier" = "GDSBJZUPHR.jp.co.ntt.east.NttEastOsvaEms";
    "beta-reports-active" = 1;
    "com.apple.developer.team-identifier" = GDSBJZUPHR;
    "get-task-allow" = 0;
}
2026-03-19 09:34:09 +0000  Associated App Clip Identifiers Filter: Skipping because "com.apple.developer.associated-appclip-app-identifiers" is not present
2026-03-19 09:34:09 +0000  Entitlements for <IDEDistributionItem: 0x600008079a40; bundleID='jp.co.ntt.east.NttEastOsvaEms', path='<DVTFilePath:0x600008169ce0:'/Users/mac/Library/Developer/Xcode/Archives/2026-03-19/Runner 3-19-26, 4.03 PM.xcarchive/Products/Applications/Runner.app'>', codeSigningInfo='<_DVTCodeSigningInformation_Path: 0x600008078120; isSigned='1', isAdHocSigned='0', signingCertificate='<DVTSigningCertificate: 0x600001fed980; name='Apple Distribution: NTT EAST, Inc. (GDSBJZUPHR)', hash='4D7BEEA170842CBE3F13CEE4F7C36892B5CA929E', serialNumber='2E87BE32812ABCDA987699E60BDE5176', certificateKinds='(
    "1.2.840.113635.100.6.1.7",
    "1.2.840.113635.100.6.1.4"
), issueDate='2026-03-06 08:18:05 +0000''>', entitlements='{
    "application-identifier" = "GDSBJZUPHR.jp.co.ntt.east.NttEastOsvaEms";
    "beta-reports-active" = 1;
    "com.apple.developer.team-identifier" = GDSBJZUPHR;
    "get-task-allow" = 0;
}', teamID='GDSBJZUPHR', identifier='jp.co.ntt.east.NttEastOsvaEms', executablePath='<DVTFilePath:0x60000816a820:'/Users/mac/Library/Developer/Xcode/Archives/2026-03-19/Runner 3-19-26, 4.03 PM.xcarchive/Products/Applications/Runner.app/Runner'>', hardenedRuntime='0'>'> are: {
    "application-identifier" = "GDSBJZUPHR.jp.co.ntt.east.NttEastOsvaEms";
    "beta-reports-active" = 1;
    "com.apple.developer.team-identifier" = GDSBJZUPHR;
    "get-task-allow" = 0;
}
2026-03-19 09:34:09 +0000  Writing entitlements for <IDEDistributionItem: 0x600008079a40; bundleID='jp.co.ntt.east.NttEastOsvaEms', path='<DVTFilePath:0x600008169ce0:'/Users/mac/Library/Developer/Xcode/Archives/2026-03-19/Runner 3-19-26, 4.03 PM.xcarchive/Products/Applications/Runner.app'>', codeSigningInfo='<_DVTCodeSigningInformation_Path: 0x600008078120; isSigned='1', isAdHocSigned='0', signingCertificate='<DVTSigningCertificate: 0x600005014fc0; name='Apple Distribution: NTT EAST, Inc. (GDSBJZUPHR)', hash='4D7BEEA170842CBE3F13CEE4F7C36892B5CA929E', serialNumber='2E87BE32812ABCDA987699E60BDE5176', certificateKinds='(
    "1.2.840.113635.100.6.1.7",
    "1.2.840.113635.100.6.1.4"
), issueDate='2026-03-06 08:18:05 +0000''>', entitlements='{
    "application-identifier" = "GDSBJZUPHR.jp.co.ntt.east.NttEastOsvaEms";
    "beta-reports-active" = 1;
    "com.apple.developer.team-identifier" = GDSBJZUPHR;
    "get-task-allow" = 0;
}', teamID='GDSBJZUPHR', identifier='jp.co.ntt.east.NttEastOsvaEms', executablePath='<DVTFilePath:0x60000816a820:'/Users/mac/Library/Developer/Xcode/Archives/2026-03-19/Runner 3-19-26, 4.03 PM.xcarchive/Products/Applications/Runner.app/Runner'>', hardenedRuntime='0'>'> to: /var/folders/p_/fywqt15n1bb_vwtspnjg4cjc0000gn/T/XcodeDistPipeline.~~~EJEuv3/entitlements~~~qtyy3d
2026-03-19 09:34:09 +0000  invoking codesign: <NSConcreteTask: 0x60000c641a40; launchPath='/usr/bin/codesign', arguments='(
    "-f",
    "-s",
    4D7BEEA170842CBE3F13CEE4F7C36892B5CA929E,
    "--entitlements",
    "/var/folders/p_/fywqt15n1bb_vwtspnjg4cjc0000gn/T/XcodeDistPipeline.~~~EJEuv3/entitlements~~~qtyy3d",
    "--preserve-metadata=identifier,flags,runtime,launch-constraints,library-constraints",
    "--generate-entitlement-der",
    "--strip-disallowed-xattrs",
    "-vvv",
    "/var/folders/p_/fywqt15n1bb_vwtspnjg4cjc0000gn/T/XcodeDistPipeline.~~~EJEuv3/Root/Payload/Runner.app"
)'>
2026-03-19 09:34:12 +0000  codesign output: /var/folders/p_/fywqt15n1bb_vwtspnjg4cjc0000gn/T/XcodeDistPipeline.~~~EJEuv3/Root/Payload/Runner.app: replacing existing signature
/var/folders/p_/fywqt15n1bb_vwtspnjg4cjc0000gn/T/XcodeDistPipeline.~~~EJEuv3/Root/Payload/Runner.app: signed app bundle with Mach-O thin (arm64) [jp.co.ntt.east.NttEastOsvaEms]
2026-03-19 09:34:12 +0000  Processing step: IDEDistributionZipODRItemStep
2026-03-19 09:34:12 +0000  Skipping step: IDEDistributionZipODRItemStep because it said so
2026-03-19 09:34:12 +0000  Skipping step: IDEDistributionZipODRItemStep because it said so
2026-03-19 09:34:12 +0000  Skipping step: IDEDistributionZipODRItemStep because it said so
2026-03-19 09:34:12 +0000  Skipping step: IDEDistributionZipODRItemStep because it said so
2026-03-19 09:34:12 +0000  Skipping step: IDEDistributionZipODRItemStep because it said so
2026-03-19 09:34:12 +0000  Processing step: IDEDistributionCreateIPAStep
2026-03-19 09:34:12 +0000  Running /usr/bin/rsync '-8aPhhE' '/var/folders/p_/fywqt15n1bb_vwtspnjg4cjc0000gn/T/XcodeDistPipeline.~~~EJEuv3/Symbols' '--link-dest' '/var/folders/p_/fywqt15n1bb_vwtspnjg4cjc0000gn/T/XcodeDistPipeline.~~~EJEuv3' '/var/folders/p_/fywqt15n1bb_vwtspnjg4cjc0000gn/T/XcodeDistPipeline.~~~EJEuv3/Root'
2026-03-19 09:34:12 +0000  Symbols/
Symbols/4C4C4457-5555-3144-A190-34B5DA747DBC.symbols
Symbols/51845E9F-D1EC-3849-8CE3-C38085CF8039.symbols
Symbols/95EAB919-9978-3F47-9C89-FDDD9D258C08.symbols
Symbols/9A8728E7-046F-3325-BEAE-0AEA5C3B0333.symbols
Symbols/A7FCE0E8-AA5C-31B5-93DE-075A78C85FDD.symbols
2026-03-19 09:34:12 +0000  /usr/bin/rsync exited with 0
2026-03-19 09:34:12 +0000  Running /usr/bin/ditto '-V' '-c' '-k' '--norsrc' '/var/folders/p_/fywqt15n1bb_vwtspnjg4cjc0000gn/T/XcodeDistPipeline.~~~EJEuv3/Root' '/var/folders/p_/fywqt15n1bb_vwtspnjg4cjc0000gn/T/XcodeDistPipeline.~~~EJEuv3/Packages/EMS.ipa'
2026-03-19 09:34:12 +0000  >>> Copying /var/folders/p_/fywqt15n1bb_vwtspnjg4cjc0000gn/T/XcodeDistPipeline.~~~EJEuv3/Root 
2026-03-19 09:34:12 +0000  copying file ./Payload/Runner.app/_CodeSignature/CodeResources ... 
2026-03-19 09:34:12 +0000  22361 bytes for ./Payload/Runner.app/_CodeSignature/CodeResources
2026-03-19 09:34:12 +0000  copying file ./Payload/Runner.app/AppIcon60x60@2x.png ... 
2026-03-19 09:34:12 +0000  15335 bytes for ./Payload/Runner.app/AppIcon60x60@2x.png
2026-03-19 09:34:12 +0000  copying file ./Payload/Runner.app/Runner ... 
2026-03-19 09:34:12 +0000  95056 bytes for ./Payload/Runner.app/Runner
2026-03-19 09:34:12 +0000  copying file ./Payload/Runner.app/Base.lproj/Main.storyboardc/UIViewController-BYZ-38-t0r.nib ... 
2026-03-19 09:34:12 +0000  951 bytes for ./Payload/Runner.app/Base.lproj/Main.storyboardc/UIViewController-BYZ-38-t0r.nib
2026-03-19 09:34:12 +0000  copying file ./Payload/Runner.app/Base.lproj/Main.storyboardc/BYZ-38-t0r-view-8bC-Xf-vdC.nib ... 
2026-03-19 09:34:12 +0000  1835 bytes for ./Payload/Runner.app/Base.lproj/Main.storyboardc/BYZ-38-t0r-view-8bC-Xf-vdC.nib
copying file ./Payload/Runner.app/Base.lproj/Main.storyboardc/Info.plist ... 
2026-03-19 09:34:12 +0000  258 bytes for ./Payload/Runner.app/Base.lproj/Main.storyboardc/Info.plist
2026-03-19 09:34:12 +0000  copying file ./Payload/Runner.app/Base.lproj/LaunchScreen.storyboardc/01J-lp-oVM-view-Ze5-6b-2t3.nib ... 
2026-03-19 09:34:12 +0000  2281 bytes for ./Payload/Runner.app/Base.lproj/LaunchScreen.storyboardc/01J-lp-oVM-view-Ze5-6b-2t3.nib
2026-03-19 09:34:12 +0000  copying file ./Payload/Runner.app/Base.lproj/LaunchScreen.storyboardc/UIViewController-01J-lp-oVM.nib ... 
2026-03-19 09:34:12 +0000  924 bytes for ./Payload/Runner.app/Base.lproj/LaunchScreen.storyboardc/UIViewController-01J-lp-oVM.nib
copying file ./Payload/Runner.app/Base.lproj/LaunchScreen.storyboardc/Info.plist ... 
2026-03-19 09:34:12 +0000  258 bytes for ./Payload/Runner.app/Base.lproj/LaunchScreen.storyboardc/Info.plist
2026-03-19 09:34:12 +0000  copying file ./Payload/Runner.app/Assets.car ... 
2026-03-19 09:34:12 +0000  689912 bytes for ./Payload/Runner.app/Assets.car
2026-03-19 09:34:12 +0000  copying file ./Payload/Runner.app/AppFrameworkInfo.plist ... 
377 bytes for ./Payload/Runner.app/AppFrameworkInfo.plist
copying file ./Payload/Runner.app/AppIcon76x76@2x~ipad.png ... 
2026-03-19 09:34:12 +0000  23771 bytes for ./Payload/Runner.app/AppIcon76x76@2x~ipad.png
2026-03-19 09:34:12 +0000  copying file ./Payload/Runner.app/Frameworks/Flutter.framework/_CodeSignature/CodeResources ... 
2026-03-19 09:34:12 +0000  7070 bytes for ./Payload/Runner.app/Frameworks/Flutter.framework/_CodeSignature/CodeResources
2026-03-19 09:34:12 +0000  copying file ./Payload/Runner.app/Frameworks/Flutter.framework/icudtl.dat ... 
2026-03-19 09:34:12 +0000  778864 bytes for ./Payload/Runner.app/Frameworks/Flutter.framework/icudtl.dat
2026-03-19 09:34:12 +0000  copying file ./Payload/Runner.app/Frameworks/Flutter.framework/Flutter ... 
2026-03-19 09:34:13 +0000  8860128 bytes for ./Payload/Runner.app/Frameworks/Flutter.framework/Flutter
2026-03-19 09:34:13 +0000  copying file ./Payload/Runner.app/Frameworks/Flutter.framework/Headers/FlutterSceneDelegate.h ... 
893 bytes for ./Payload/Runner.app/Frameworks/Flutter.framework/Headers/FlutterSceneDelegate.h
copying file ./Payload/Runner.app/Frameworks/Flutter.framework/Headers/FlutterEngine.h ... 
2026-03-19 09:34:13 +0000  21723 bytes for ./Payload/Runner.app/Frameworks/Flutter.framework/Headers/FlutterEngine.h
2026-03-19 09:34:13 +0000  copying file ./Payload/Runner.app/Frameworks/Flutter.framework/Headers/FlutterChannels.h ... 
2026-03-19 09:34:13 +0000  18414 bytes for ./Payload/Runner.app/Frameworks/Flutter.framework/Headers/FlutterChannels.h
2026-03-19 09:34:13 +0000  copying file ./Payload/Runner.app/Frameworks/Flutter.framework/Headers/FlutterPlugin.h ... 
2026-03-19 09:34:13 +0000  18306 bytes for ./Payload/Runner.app/Frameworks/Flutter.framework/Headers/FlutterPlugin.h
2026-03-19 09:34:13 +0000  copying file ./Payload/Runner.app/Frameworks/Flutter.framework/Headers/FlutterAppDelegate.h ... 
1821 bytes for ./Payload/Runner.app/Frameworks/Flutter.framework/Headers/FlutterAppDelegate.h
2026-03-19 09:34:13 +0000  copying file ./Payload/Runner.app/Frameworks/Flutter.framework/Headers/FlutterTexture.h ... 
2263 bytes for ./Payload/Runner.app/Frameworks/Flutter.framework/Headers/FlutterTexture.h
2026-03-19 09:34:13 +0000  copying file ./Payload/Runner.app/Frameworks/Flutter.framework/Headers/FlutterEngineGroup.h ... 
4755 bytes for ./Payload/Runner.app/Frameworks/Flutter.framework/Headers/FlutterEngineGroup.h
2026-03-19 09:34:13 +0000  copying file ./Payload/Runner.app/Frameworks/Flutter.framework/Headers/FlutterPlatformViews.h ... 
1966 bytes for ./Payload/Runner.app/Frameworks/Flutter.framework/Headers/FlutterPlatformViews.h
2026-03-19 09:34:13 +0000  copying file ./Payload/Runner.app/Frameworks/Flutter.framework/Headers/FlutterHeadlessDartRunner.h ... 
2026-03-19 09:34:13 +0000  3927 bytes for ./Payload/Runner.app/Frameworks/Flutter.framework/Headers/FlutterHeadlessDartRunner.h
copying file ./Payload/Runner.app/Frameworks/Flutter.framework/Headers/FlutterCodecs.h ... 
2026-03-19 09:34:13 +0000  15290 bytes for ./Payload/Runner.app/Frameworks/Flutter.framework/Headers/FlutterCodecs.h
2026-03-19 09:34:13 +0000  copying file ./Payload/Runner.app/Frameworks/Flutter.framework/Headers/Flutter.h ... 
921 bytes for ./Payload/Runner.app/Frameworks/Flutter.framework/Headers/Flutter.h
2026-03-19 09:34:13 +0000  copying file ./Payload/Runner.app/Frameworks/Flutter.framework/Headers/FlutterViewController.h ... 
2026-03-19 09:34:13 +0000  10172 bytes for ./Payload/Runner.app/Frameworks/Flutter.framework/Headers/FlutterViewController.h
2026-03-19 09:34:13 +0000  copying file ./Payload/Runner.app/Frameworks/Flutter.framework/Headers/FlutterMacros.h ... 
2026-03-19 09:34:13 +0000  1823 bytes for ./Payload/Runner.app/Frameworks/Flutter.framework/Headers/FlutterMacros.h
copying file ./Payload/Runner.app/Frameworks/Flutter.framework/Headers/FlutterDartProject.h ... 
2026-03-19 09:34:13 +0000  3914 bytes for ./Payload/Runner.app/Frameworks/Flutter.framework/Headers/FlutterDartProject.h
copying file ./Payload/Runner.app/Frameworks/Flutter.framework/Headers/FlutterHourFormat.h ... 
2026-03-19 09:34:13 +0000  536 bytes for ./Payload/Runner.app/Frameworks/Flutter.framework/Headers/FlutterHourFormat.h
2026-03-19 09:34:13 +0000  copying file ./Payload/Runner.app/Frameworks/Flutter.framework/Headers/FlutterPluginAppLifeCycleDelegate.h ... 
2026-03-19 09:34:13 +0000  5318 bytes for ./Payload/Runner.app/Frameworks/Flutter.framework/Headers/FlutterPluginAppLifeCycleDelegate.h
copying file ./Payload/Runner.app/Frameworks/Flutter.framework/Headers/FlutterBinaryMessenger.h ... 
2026-03-19 09:34:13 +0000  3761 bytes for ./Payload/Runner.app/Frameworks/Flutter.framework/Headers/FlutterBinaryMessenger.h
2026-03-19 09:34:13 +0000  copying file ./Payload/Runner.app/Frameworks/Flutter.framework/Headers/FlutterCallbackCache.h ... 
2026-03-19 09:34:13 +0000  1724 bytes for ./Payload/Runner.app/Frameworks/Flutter.framework/Headers/FlutterCallbackCache.h
copying file ./Payload/Runner.app/Frameworks/Flutter.framework/Headers/FlutterSceneLifeCycle.h ... 
2026-03-19 09:34:13 +0000  7729 bytes for ./Payload/Runner.app/Frameworks/Flutter.framework/Headers/FlutterSceneLifeCycle.h
2026-03-19 09:34:13 +0000  copying file ./Payload/Runner.app/Frameworks/Flutter.framework/PrivacyInfo.xcprivacy ... 
2026-03-19 09:34:13 +0000  845 bytes for ./Payload/Runner.app/Frameworks/Flutter.framework/PrivacyInfo.xcprivacy
2026-03-19 09:34:13 +0000  copying file ./Payload/Runner.app/Frameworks/Flutter.framework/Modules/module.modulemap ... 
2026-03-19 09:34:13 +0000  95 bytes for ./Payload/Runner.app/Frameworks/Flutter.framework/Modules/module.modulemap
copying file ./Payload/Runner.app/Frameworks/Flutter.framework/Info.plist ... 
2026-03-19 09:34:13 +0000  1081 bytes for ./Payload/Runner.app/Frameworks/Flutter.framework/Info.plist
2026-03-19 09:34:13 +0000  copying file ./Payload/Runner.app/Frameworks/App.framework/_CodeSignature/CodeResources ... 
2026-03-19 09:34:13 +0000  6868 bytes for ./Payload/Runner.app/Frameworks/App.framework/_CodeSignature/CodeResources
2026-03-19 09:34:13 +0000  copying file ./Payload/Runner.app/Frameworks/App.framework/App ... 
2026-03-19 09:34:13 +0000  6084048 bytes for ./Payload/Runner.app/Frameworks/App.framework/App
2026-03-19 09:34:13 +0000  copying file ./Payload/Runner.app/Frameworks/App.framework/flutter_assets/NOTICES.Z ... 
2026-03-19 09:34:13 +0000  108853 bytes for ./Payload/Runner.app/Frameworks/App.framework/flutter_assets/NOTICES.Z
2026-03-19 09:34:13 +0000  copying file ./Payload/Runner.app/Frameworks/App.framework/flutter_assets/NativeAssetsManifest.json ... 
45 bytes for ./Payload/Runner.app/Frameworks/App.framework/flutter_assets/NativeAssetsManifest.json
copying file ./Payload/Runner.app/Frameworks/App.framework/flutter_assets/FontManifest.json ... 
208 bytes for ./Payload/Runner.app/Frameworks/App.framework/flutter_assets/FontManifest.json
2026-03-19 09:34:13 +0000  copying file ./Payload/Runner.app/Frameworks/App.framework/flutter_assets/.env ... 
300 bytes for ./Payload/Runner.app/Frameworks/App.framework/flutter_assets/.env
2026-03-19 09:34:13 +0000  copying file ./Payload/Runner.app/Frameworks/App.framework/flutter_assets/packages/cupertino_icons/assets/CupertinoIcons.ttf ... 
2026-03-19 09:34:13 +0000  257628 bytes for ./Payload/Runner.app/Frameworks/App.framework/flutter_assets/packages/cupertino_icons/assets/CupertinoIcons.ttf
2026-03-19 09:34:13 +0000  copying file ./Payload/Runner.app/Frameworks/App.framework/flutter_assets/shaders/ink_sparkle.frag ... 
2026-03-19 09:34:13 +0000  11984 bytes for ./Payload/Runner.app/Frameworks/App.framework/flutter_assets/shaders/ink_sparkle.frag
2026-03-19 09:34:13 +0000  copying file ./Payload/Runner.app/Frameworks/App.framework/flutter_assets/shaders/stretch_effect.frag ... 
2026-03-19 09:34:13 +0000  10176 bytes for ./Payload/Runner.app/Frameworks/App.framework/flutter_assets/shaders/stretch_effect.frag
2026-03-19 09:34:13 +0000  copying file ./Payload/Runner.app/Frameworks/App.framework/flutter_assets/AssetManifest.bin ... 
808 bytes for ./Payload/Runner.app/Frameworks/App.framework/flutter_assets/AssetManifest.bin
2026-03-19 09:34:13 +0000  copying file ./Payload/Runner.app/Frameworks/App.framework/flutter_assets/fonts/MaterialIcons-Regular.otf ... 
2026-03-19 09:34:13 +0000  2268 bytes for ./Payload/Runner.app/Frameworks/App.framework/flutter_assets/fonts/MaterialIcons-Regular.otf
2026-03-19 09:34:13 +0000  copying file ./Payload/Runner.app/Frameworks/App.framework/flutter_assets/assets/images/image%20(2).png ... 
2026-03-19 09:34:13 +0000  4518 bytes for ./Payload/Runner.app/Frameworks/App.framework/flutter_assets/assets/images/image%20(2).png
copying file ./Payload/Runner.app/Frameworks/App.framework/flutter_assets/assets/images/image%20(3).png ... 
2026-03-19 09:34:13 +0000  39780 bytes for ./Payload/Runner.app/Frameworks/App.framework/flutter_assets/assets/images/image%20(3).png
2026-03-19 09:34:13 +0000  copying file ./Payload/Runner.app/Frameworks/App.framework/flutter_assets/assets/images/image%20(8).png ... 
2026-03-19 09:34:13 +0000  2365 bytes for ./Payload/Runner.app/Frameworks/App.framework/flutter_assets/assets/images/image%20(8).png
copying file ./Payload/Runner.app/Frameworks/App.framework/flutter_assets/assets/images/image%20(4).png ... 
2026-03-19 09:34:13 +0000  23630 bytes for ./Payload/Runner.app/Frameworks/App.framework/flutter_assets/assets/images/image%20(4).png
2026-03-19 09:34:13 +0000  copying file ./Payload/Runner.app/Frameworks/App.framework/flutter_assets/assets/images/image%20(5).png ... 
2026-03-19 09:34:13 +0000  157776 bytes for ./Payload/Runner.app/Frameworks/App.framework/flutter_assets/assets/images/image%20(5).png
2026-03-19 09:34:13 +0000  copying file ./Payload/Runner.app/Frameworks/App.framework/flutter_assets/assets/images/image%20(6).png ... 
2026-03-19 09:34:13 +0000  45804 bytes for ./Payload/Runner.app/Frameworks/App.framework/flutter_assets/assets/images/image%20(6).png
2026-03-19 09:34:13 +0000  copying file ./Payload/Runner.app/Frameworks/App.framework/flutter_assets/assets/images/image%20(7).png ... 
2026-03-19 09:34:13 +0000  1867254 bytes for ./Payload/Runner.app/Frameworks/App.framework/flutter_assets/assets/images/image%20(7).png
2026-03-19 09:34:13 +0000  copying file ./Payload/Runner.app/Frameworks/App.framework/flutter_assets/assets/images/image.png ... 
17482 bytes for ./Payload/Runner.app/Frameworks/App.framework/flutter_assets/assets/images/image.png
copying file ./Payload/Runner.app/Frameworks/App.framework/flutter_assets/assets/images/image%20(1).png ... 
9732 bytes for ./Payload/Runner.app/Frameworks/App.framework/flutter_assets/assets/images/image%20(1).png
copying file ./Payload/Runner.app/Frameworks/App.framework/flutter_assets/assets/images/bg.png ... 
2026-03-19 09:34:13 +0000  77360 bytes for ./Payload/Runner.app/Frameworks/App.framework/flutter_assets/assets/images/bg.png
2026-03-19 09:34:13 +0000  copying file ./Payload/Runner.app/Frameworks/App.framework/Info.plist ... 
774 bytes for ./Payload/Runner.app/Frameworks/App.framework/Info.plist
2026-03-19 09:34:13 +0000  copying file ./Payload/Runner.app/Frameworks/path_provider_foundation.framework/_CodeSignature/CodeResources ... 
2026-03-19 09:34:13 +0000  2400 bytes for ./Payload/Runner.app/Frameworks/path_provider_foundation.framework/_CodeSignature/CodeResources
2026-03-19 09:34:13 +0000  copying file ./Payload/Runner.app/Frameworks/path_provider_foundation.framework/path_provider_foundation_privacy.bundle/PrivacyInfo.xcprivacy ... 
373 bytes for ./Payload/Runner.app/Frameworks/path_provider_foundation.framework/path_provider_foundation_privacy.bundle/PrivacyInfo.xcprivacy
2026-03-19 09:34:13 +0000  copying file ./Payload/Runner.app/Frameworks/path_provider_foundation.framework/path_provider_foundation_privacy.bundle/Info.plist ... 
810 bytes for ./Payload/Runner.app/Frameworks/path_provider_foundation.framework/path_provider_foundation_privacy.bundle/Info.plist
copying file ./Payload/Runner.app/Frameworks/path_provider_foundation.framework/Info.plist ... 
2026-03-19 09:34:13 +0000  819 bytes for ./Payload/Runner.app/Frameworks/path_provider_foundation.framework/Info.plist
copying file ./Payload/Runner.app/Frameworks/path_provider_foundation.framework/path_provider_foundation ... 
2026-03-19 09:34:13 +0000  159216 bytes for ./Payload/Runner.app/Frameworks/path_provider_foundation.framework/path_provider_foundation
2026-03-19 09:34:14 +0000  copying file ./Payload/Runner.app/Frameworks/flutter_secure_storage.framework/_CodeSignature/CodeResources ... 
2026-03-19 09:34:14 +0000  2360 bytes for ./Payload/Runner.app/Frameworks/flutter_secure_storage.framework/_CodeSignature/CodeResources
copying file ./Payload/Runner.app/Frameworks/flutter_secure_storage.framework/flutter_secure_storage ... 
2026-03-19 09:34:14 +0000  204416 bytes for ./Payload/Runner.app/Frameworks/flutter_secure_storage.framework/flutter_secure_storage
2026-03-19 09:34:14 +0000  copying file ./Payload/Runner.app/Frameworks/flutter_secure_storage.framework/flutter_secure_storage.bundle/PrivacyInfo.xcprivacy ... 
2026-03-19 09:34:14 +0000  372 bytes for ./Payload/Runner.app/Frameworks/flutter_secure_storage.framework/flutter_secure_storage.bundle/PrivacyInfo.xcprivacy
copying file ./Payload/Runner.app/Frameworks/flutter_secure_storage.framework/flutter_secure_storage.bundle/Info.plist ... 
2026-03-19 09:34:14 +0000  789 bytes for ./Payload/Runner.app/Frameworks/flutter_secure_storage.framework/flutter_secure_storage.bundle/Info.plist
copying file ./Payload/Runner.app/Frameworks/flutter_secure_storage.framework/Info.plist ... 
2026-03-19 09:34:14 +0000  815 bytes for ./Payload/Runner.app/Frameworks/flutter_secure_storage.framework/Info.plist
copying file ./Payload/Runner.app/embedded.mobileprovision ... 
2026-03-19 09:34:14 +0000  24871 bytes for ./Payload/Runner.app/embedded.mobileprovision
2026-03-19 09:34:14 +0000  copying file ./Payload/Runner.app/Info.plist ... 
1495 bytes for ./Payload/Runner.app/Info.plist
2026-03-19 09:34:14 +0000  copying file ./Payload/Runner.app/PkgInfo ... 
8 bytes for ./Payload/Runner.app/PkgInfo
2026-03-19 09:34:14 +0000  copying file ./Symbols/51845E9F-D1EC-3849-8CE3-C38085CF8039.symbols ... 
2026-03-19 09:34:14 +0000  2690092 bytes for ./Symbols/51845E9F-D1EC-3849-8CE3-C38085CF8039.symbols
2026-03-19 09:34:14 +0000  copying file ./Symbols/4C4C4457-5555-3144-A190-34B5DA747DBC.symbols ... 
2026-03-19 09:34:16 +0000  53485740 bytes for ./Symbols/4C4C4457-5555-3144-A190-34B5DA747DBC.symbols
2026-03-19 09:34:16 +0000  copying file ./Symbols/95EAB919-9978-3F47-9C89-FDDD9D258C08.symbols ... 
2026-03-19 09:34:16 +0000  99276 bytes for ./Symbols/95EAB919-9978-3F47-9C89-FDDD9D258C08.symbols
2026-03-19 09:34:16 +0000  copying file ./Symbols/9A8728E7-046F-3325-BEAE-0AEA5C3B0333.symbols ... 
2026-03-19 09:34:16 +0000  27564 bytes for ./Symbols/9A8728E7-046F-3325-BEAE-0AEA5C3B0333.symbols
2026-03-19 09:34:16 +0000  copying file ./Symbols/A7FCE0E8-AA5C-31B5-93DE-075A78C85FDD.symbols ... 
2026-03-19 09:34:16 +0000  50644 bytes for ./Symbols/A7FCE0E8-AA5C-31B5-93DE-075A78C85FDD.symbols
2026-03-19 09:34:16 +0000  /usr/bin/ditto exited with 0
2026-03-19 09:34:16 +0000  Processing step: IDEDistributionAppStoreInformationStep
2026-03-19 09:34:16 +0000  Skipping step: IDEDistributionAppStoreInformationStep because it said so
2026-03-19 09:34:16 +0000  Processing step: IDEDistributionGenerateProcessedDistributionItems
2026-03-19 09:34:16 +0000  IDEDistributionItem init <DVTFilePath:0x600004811e00:'/var/folders/p_/fywqt15n1bb_vwtspnjg4cjc0000gn/T/XcodeDistPipeline.~~~EJEuv3/Root/Payload/Runner.app/Frameworks/flutter_secure_storage.framework'>
2026-03-19 09:34:16 +0000  IDEDistributionItem init <DVTFilePath:0x600008085200:'/var/folders/p_/fywqt15n1bb_vwtspnjg4cjc0000gn/T/XcodeDistPipeline.~~~EJEuv3/Root/Payload/Runner.app/Frameworks/App.framework'>
2026-03-19 09:34:16 +0000  IDEDistributionItem init <DVTFilePath:0x60000ce1c000:'/var/folders/p_/fywqt15n1bb_vwtspnjg4cjc0000gn/T/XcodeDistPipeline.~~~EJEuv3/Root/Payload/Runner.app/Frameworks/Flutter.framework'>
2026-03-19 09:34:16 +0000  IDEDistributionItem init <DVTFilePath:0x6000049e7800:'/var/folders/p_/fywqt15n1bb_vwtspnjg4cjc0000gn/T/XcodeDistPipeline.~~~EJEuv3/Root/Payload/Runner.app/Frameworks/path_provider_foundation.framework'>
2026-03-19 09:34:16 +0000  IDEDistributionItem init <DVTFilePath:0x600008084f00:'/var/folders/p_/fywqt15n1bb_vwtspnjg4cjc0000gn/T/XcodeDistPipeline.~~~EJEuv3/Root/Payload/Runner.app'>
2026-03-19 09:34:16 +0000  Processing step: IDEDistributionCreateManifestStep
2026-03-19 09:34:16 +0000  Skipping step: IDEDistributionCreateManifestStep because it said so
