2026-03-18 06:52:03 +0000  Initial pipeline context: <IDEDistributionProcessingPipelineContext: 0x7fb1a89ce570; archive(resolved)="<IDEArchive: 0x60002ab85c00>", distributionTask(resolved)="2", distributionDestination(resolved)="2", distributionMethod(resolved)="<IDEDistributionMethodiOSAppStoreDistribution: 0x600000040db0>", team(resolved)="<IDEProvisioningDisambiguatableBasicTeam: 0x600001cb5cc0; teamID='GDSBJZUPHR', teamName='NTT EAST, Inc.', teamType='Company', username='app-develop-ml@east.ntt.co.jp', isFreeProvisioningTeam='0'>">
	Chain (17, self inclusive):
	<IDEDistributionProcessingPipelineContext: 0x7fb1a89ce570; archive = "<IDEArchive: 0x60002ab85c00>", distributionMethod="<IDEDistributionMethodiOSAppStoreDistribution: 0x600000040db0>", team="<IDEProvisioningDisambiguatableBasicTeam: 0x600001cb5cc0; teamID='GDSBJZUPHR', teamName='NTT EAST, Inc.', teamType='Company', username='app-develop-ml@east.ntt.co.jp', isFreeProvisioningTeam='0'>">
	<IDEDistributionProcessingPipelineContext: 0x7fb1985cd8b0; archive = "<IDEArchive: 0x60002ab85c00>", distributionMethod="<IDEDistributionMethodiOSAppStoreDistribution: 0x600000040db0>", team="<IDEProvisioningDisambiguatableBasicTeam: 0x600001cb5cc0; teamID='GDSBJZUPHR', teamName='NTT EAST, Inc.', teamType='Company', username='app-develop-ml@east.ntt.co.jp', isFreeProvisioningTeam='0'>">
	<IDEDistributionContext: 0x7fb1986e8470; archive = "<IDEArchive: 0x60002ab85c00>", distributionMethod="<IDEDistributionMethodiOSAppStoreDistribution: 0x600000040db0>", team="<IDEProvisioningDisambiguatableBasicTeam: 0x600001cb5cc0; teamID='GDSBJZUPHR', teamName='NTT EAST, Inc.', teamType='Company', username='app-develop-ml@east.ntt.co.jp', isFreeProvisioningTeam='0'>">
	<IDEDistributionContext: 0x7fb17a76aa20; archive = "<IDEArchive: 0x60002ab85c00>", distributionMethod="<IDEDistributionMethodiOSAppStoreDistribution: 0x600000040db0>", team="<IDEProvisioningDisambiguatableBasicTeam: 0x600001cb5cc0; teamID='GDSBJZUPHR', teamName='NTT EAST, Inc.', teamType='Company', username='app-develop-ml@east.ntt.co.jp', isFreeProvisioningTeam='0'>">
	<IDEDistributionContext: 0x7fb17a7423b0; archive = "<IDEArchive: 0x60002ab85c00>", distributionMethod="<IDEDistributionMethodiOSAppStoreDistribution: 0x600000040db0>", team="<IDEProvisioningDisambiguatableBasicTeam: 0x600001cb5cc0; teamID='GDSBJZUPHR', teamName='NTT EAST, Inc.', teamType='Company', username='app-develop-ml@east.ntt.co.jp', isFreeProvisioningTeam='0'>">
	<IDEDistributionContext: 0x7fb1ae4ee9d0; archive = "<IDEArchive: 0x60002ab85c00>", distributionMethod="<IDEDistributionMethodiOSAppStoreDistribution: 0x600000040db0>", team="<IDEProvisioningDisambiguatableBasicTeam: 0x600001cb5cc0; teamID='GDSBJZUPHR', teamName='NTT EAST, Inc.', teamType='Company', username='app-develop-ml@east.ntt.co.jp', isFreeProvisioningTeam='0'>">
	<IDEDistributionContext: 0x7fb17a9316f0; archive = "<IDEArchive: 0x60002ab85c00>", distributionMethod="<IDEDistributionMethodiOSAppStoreDistribution: 0x600000040db0>", team="<IDEProvisioningDisambiguatableBasicTeam: 0x600001cb5cc0; teamID='GDSBJZUPHR', teamName='NTT EAST, Inc.', teamType='Company', username='app-develop-ml@east.ntt.co.jp', isFreeProvisioningTeam='0'>">
	<IDEDistributionContext: 0x7fb1989f0a80; archive = "<IDEArchive: 0x60002ab85c00>", distributionMethod="<IDEDistributionMethodiOSAppStoreDistribution: 0x600000040db0>", team="<IDEProvisioningDisambiguatableBasicTeam: 0x600001cb5cc0; teamID='GDSBJZUPHR', teamName='NTT EAST, Inc.', teamType='Company', username='app-develop-ml@east.ntt.co.jp', isFreeProvisioningTeam='0'>">
	<IDEDistributionContext: 0x7fb17a935d30; archive = "<IDEArchive: 0x60002ab85c00>", distributionMethod="<IDEDistributionMethodiOSAppStoreDistribution: 0x600000040db0>", team="<IDEProvisioningDisambiguatableBasicTeam: 0x600001cb5cc0; teamID='GDSBJZUPHR', teamName='NTT EAST, Inc.', teamType='Company', username='app-develop-ml@east.ntt.co.jp', isFreeProvisioningTeam='0'>">
	<IDEDistributionContext: 0x7fb1985cd0a0; archive = "<IDEArchive: 0x60002ab85c00>", distributionMethod="<IDEDistributionMethodiOSAppStoreDistribution: 0x600000040db0>", team="<IDEProvisioningDisambiguatableBasicTeam: 0x600001cb5cc0; teamID='GDSBJZUPHR', teamName='NTT EAST, Inc.', teamType='Company', username='app-develop-ml@east.ntt.co.jp', isFreeProvisioningTeam='0'>">
	<IDEDistributionContext: 0x7fb17a931d70; archive = "<IDEArchive: 0x60002ab85c00>", distributionMethod="<IDEDistributionMethodiOSAppStoreDistribution: 0x600000040db0>", team="<IDEProvisioningDisambiguatableBasicTeam: 0x600001cb5cc0; teamID='GDSBJZUPHR', teamName='NTT EAST, Inc.', teamType='Company', username='app-develop-ml@east.ntt.co.jp', isFreeProvisioningTeam='0'>">
	<IDEDistributionContext: 0x7fb1b38a58b0; archive = "<IDEArchive: 0x60002ab85c00>", distributionMethod="<IDEDistributionMethodiOSAppStoreDistribution: 0x600000040db0>", team="<IDEProvisioningDisambiguatableBasicTeam: 0x600001cb5cc0; teamID='GDSBJZUPHR', teamName='NTT EAST, Inc.', teamType='Company', username='app-develop-ml@east.ntt.co.jp', isFreeProvisioningTeam='0'>">
	<IDEDistributionContext: 0x7fb17a931070; archive = "<IDEArchive: 0x60002ab85c00>", distributionMethod="<IDEDistributionMethodiOSAppStoreDistribution: 0x600000040db0>", team="(null)">
	<IDEDistributionContext: 0x7fb1985a3f70; archive = "<IDEArchive: 0x60002ab85c00>", distributionMethod="<IDEDistributionMethodiOSAppStoreDistribution: 0x600000040db0>", team="(null)">
	<IDEDistributionContext: 0x7fb1989dda40; archive = "<IDEArchive: 0x60002ab85c00>", distributionMethod="(null)", team="(null)">
	<IDEDistributionContext: 0x7fb1985c7bb0; archive = "<IDEArchive: 0x60002ab85c00>", distributionMethod="(null)", team="(null)">
	<IDEDistributionContext: 0x7fb1994b8e80; archive = "<IDEArchive: 0x60002ab85c00>", distributionMethod="(null)", team="(null)">
</IDEDistributionProcessingPipelineContext: 0x7fb1a89ce570>
2026-03-18 06:52:03 +0000  Processing step: IDEDistributionCreateDestRootStep
2026-03-18 06:52:03 +0000  Processing step: IDEDistributionCopyItemStep
2026-03-18 06:52:03 +0000  Running /usr/bin/ditto '-V' '/Users/mac/Library/Developer/Xcode/Archives/2026-03-18/Runner 3-18-26, 1.21 PM.xcarchive/Products/Applications/Runner.app' '/var/folders/p_/fywqt15n1bb_vwtspnjg4cjc0000gn/T/XcodeDistPipeline.~~~WS3jgC/Root/Payload/Runner.app'
2026-03-18 06:52:03 +0000  >>> Copying /Users/mac/Library/Developer/Xcode/Archives/2026-03-18/Runner 3-18-26, 1.21 PM.xcarchive/Products/Applications/Runner.app 
2026-03-18 06:52:03 +0000  copying file ./_CodeSignature/CodeResources ... 
2026-03-18 06:52:03 +0000  22361 bytes for ./_CodeSignature/CodeResources
2026-03-18 06:52:03 +0000  copying file ./AppIcon60x60@2x.png ... 
2026-03-18 06:52:03 +0000  15335 bytes for ./AppIcon60x60@2x.png
2026-03-18 06:52:03 +0000  copying file ./Runner ... 
2026-03-18 06:52:03 +0000  95056 bytes for ./Runner
2026-03-18 06:52:03 +0000  copying file ./Base.lproj/Main.storyboardc/UIViewController-BYZ-38-t0r.nib ... 
2026-03-18 06:52:03 +0000  951 bytes for ./Base.lproj/Main.storyboardc/UIViewController-BYZ-38-t0r.nib
2026-03-18 06:52:03 +0000  copying file ./Base.lproj/Main.storyboardc/BYZ-38-t0r-view-8bC-Xf-vdC.nib ... 
2026-03-18 06:52:03 +0000  1835 bytes for ./Base.lproj/Main.storyboardc/BYZ-38-t0r-view-8bC-Xf-vdC.nib
2026-03-18 06:52:03 +0000  copying file ./Base.lproj/Main.storyboardc/Info.plist ... 
2026-03-18 06:52:03 +0000  258 bytes for ./Base.lproj/Main.storyboardc/Info.plist
2026-03-18 06:52:03 +0000  copying file ./Base.lproj/LaunchScreen.storyboardc/01J-lp-oVM-view-Ze5-6b-2t3.nib ... 
2026-03-18 06:52:03 +0000  2281 bytes for ./Base.lproj/LaunchScreen.storyboardc/01J-lp-oVM-view-Ze5-6b-2t3.nib
2026-03-18 06:52:03 +0000  copying file ./Base.lproj/LaunchScreen.storyboardc/UIViewController-01J-lp-oVM.nib ... 
2026-03-18 06:52:03 +0000  924 bytes for ./Base.lproj/LaunchScreen.storyboardc/UIViewController-01J-lp-oVM.nib
2026-03-18 06:52:03 +0000  copying file ./Base.lproj/LaunchScreen.storyboardc/Info.plist ... 
2026-03-18 06:52:03 +0000  258 bytes for ./Base.lproj/LaunchScreen.storyboardc/Info.plist
2026-03-18 06:52:03 +0000  copying file ./Assets.car ... 
2026-03-18 06:52:03 +0000  689912 bytes for ./Assets.car
2026-03-18 06:52:03 +0000  copying file ./AppFrameworkInfo.plist ... 
2026-03-18 06:52:03 +0000  377 bytes for ./AppFrameworkInfo.plist
2026-03-18 06:52:03 +0000  copying file ./AppIcon76x76@2x~ipad.png ... 
2026-03-18 06:52:03 +0000  23771 bytes for ./AppIcon76x76@2x~ipad.png
2026-03-18 06:52:03 +0000  copying file ./Frameworks/Flutter.framework/_CodeSignature/CodeResources ... 
2026-03-18 06:52:03 +0000  7070 bytes for ./Frameworks/Flutter.framework/_CodeSignature/CodeResources
2026-03-18 06:52:03 +0000  copying file ./Frameworks/Flutter.framework/icudtl.dat ... 
2026-03-18 06:52:03 +0000  778864 bytes for ./Frameworks/Flutter.framework/icudtl.dat
2026-03-18 06:52:03 +0000  copying file ./Frameworks/Flutter.framework/Flutter ... 
2026-03-18 06:52:03 +0000  8860128 bytes for ./Frameworks/Flutter.framework/Flutter
2026-03-18 06:52:03 +0000  copying file ./Frameworks/Flutter.framework/Headers/FlutterSceneDelegate.h ... 
2026-03-18 06:52:03 +0000  893 bytes for ./Frameworks/Flutter.framework/Headers/FlutterSceneDelegate.h
copying file ./Frameworks/Flutter.framework/Headers/FlutterEngine.h ... 
2026-03-18 06:52:03 +0000  21723 bytes for ./Frameworks/Flutter.framework/Headers/FlutterEngine.h
2026-03-18 06:52:03 +0000  copying file ./Frameworks/Flutter.framework/Headers/FlutterChannels.h ... 
2026-03-18 06:52:03 +0000  18414 bytes for ./Frameworks/Flutter.framework/Headers/FlutterChannels.h
copying file ./Frameworks/Flutter.framework/Headers/FlutterPlugin.h ... 
2026-03-18 06:52:03 +0000  18306 bytes for ./Frameworks/Flutter.framework/Headers/FlutterPlugin.h
copying file ./Frameworks/Flutter.framework/Headers/FlutterAppDelegate.h ... 
2026-03-18 06:52:03 +0000  1821 bytes for ./Frameworks/Flutter.framework/Headers/FlutterAppDelegate.h
2026-03-18 06:52:03 +0000  copying file ./Frameworks/Flutter.framework/Headers/FlutterTexture.h ... 
2026-03-18 06:52:03 +0000  2263 bytes for ./Frameworks/Flutter.framework/Headers/FlutterTexture.h
copying file ./Frameworks/Flutter.framework/Headers/FlutterEngineGroup.h ... 
2026-03-18 06:52:03 +0000  4755 bytes for ./Frameworks/Flutter.framework/Headers/FlutterEngineGroup.h
2026-03-18 06:52:03 +0000  copying file ./Frameworks/Flutter.framework/Headers/FlutterPlatformViews.h ... 
2026-03-18 06:52:03 +0000  1966 bytes for ./Frameworks/Flutter.framework/Headers/FlutterPlatformViews.h
copying file ./Frameworks/Flutter.framework/Headers/FlutterHeadlessDartRunner.h ... 
2026-03-18 06:52:03 +0000  3927 bytes for ./Frameworks/Flutter.framework/Headers/FlutterHeadlessDartRunner.h
copying file ./Frameworks/Flutter.framework/Headers/FlutterCodecs.h ... 
2026-03-18 06:52:03 +0000  15290 bytes for ./Frameworks/Flutter.framework/Headers/FlutterCodecs.h
copying file ./Frameworks/Flutter.framework/Headers/Flutter.h ... 
2026-03-18 06:52:03 +0000  921 bytes for ./Frameworks/Flutter.framework/Headers/Flutter.h
2026-03-18 06:52:03 +0000  copying file ./Frameworks/Flutter.framework/Headers/FlutterViewController.h ... 
2026-03-18 06:52:03 +0000  10172 bytes for ./Frameworks/Flutter.framework/Headers/FlutterViewController.h
copying file ./Frameworks/Flutter.framework/Headers/FlutterMacros.h ... 
2026-03-18 06:52:03 +0000  1823 bytes for ./Frameworks/Flutter.framework/Headers/FlutterMacros.h
2026-03-18 06:52:03 +0000  copying file ./Frameworks/Flutter.framework/Headers/FlutterDartProject.h ... 
2026-03-18 06:52:03 +0000  3914 bytes for ./Frameworks/Flutter.framework/Headers/FlutterDartProject.h
copying file ./Frameworks/Flutter.framework/Headers/FlutterHourFormat.h ... 
2026-03-18 06:52:03 +0000  536 bytes for ./Frameworks/Flutter.framework/Headers/FlutterHourFormat.h
2026-03-18 06:52:03 +0000  copying file ./Frameworks/Flutter.framework/Headers/FlutterPluginAppLifeCycleDelegate.h ... 
2026-03-18 06:52:03 +0000  5318 bytes for ./Frameworks/Flutter.framework/Headers/FlutterPluginAppLifeCycleDelegate.h
2026-03-18 06:52:03 +0000  copying file ./Frameworks/Flutter.framework/Headers/FlutterBinaryMessenger.h ... 
2026-03-18 06:52:03 +0000  3761 bytes for ./Frameworks/Flutter.framework/Headers/FlutterBinaryMessenger.h
copying file ./Frameworks/Flutter.framework/Headers/FlutterCallbackCache.h ... 
2026-03-18 06:52:03 +0000  1724 bytes for ./Frameworks/Flutter.framework/Headers/FlutterCallbackCache.h
copying file ./Frameworks/Flutter.framework/Headers/FlutterSceneLifeCycle.h ... 
2026-03-18 06:52:03 +0000  7729 bytes for ./Frameworks/Flutter.framework/Headers/FlutterSceneLifeCycle.h
2026-03-18 06:52:03 +0000  copying file ./Frameworks/Flutter.framework/PrivacyInfo.xcprivacy ... 
2026-03-18 06:52:03 +0000  845 bytes for ./Frameworks/Flutter.framework/PrivacyInfo.xcprivacy
2026-03-18 06:52:03 +0000  copying file ./Frameworks/Flutter.framework/Modules/module.modulemap ... 
2026-03-18 06:52:03 +0000  95 bytes for ./Frameworks/Flutter.framework/Modules/module.modulemap
2026-03-18 06:52:03 +0000  copying file ./Frameworks/Flutter.framework/Info.plist ... 
2026-03-18 06:52:03 +0000  1081 bytes for ./Frameworks/Flutter.framework/Info.plist
2026-03-18 06:52:03 +0000  copying file ./Frameworks/App.framework/_CodeSignature/CodeResources ... 
2026-03-18 06:52:03 +0000  6868 bytes for ./Frameworks/App.framework/_CodeSignature/CodeResources
2026-03-18 06:52:03 +0000  copying file ./Frameworks/App.framework/App ... 
2026-03-18 06:52:03 +0000  6084048 bytes for ./Frameworks/App.framework/App
2026-03-18 06:52:03 +0000  copying file ./Frameworks/App.framework/flutter_assets/NOTICES.Z ... 
2026-03-18 06:52:03 +0000  108853 bytes for ./Frameworks/App.framework/flutter_assets/NOTICES.Z
2026-03-18 06:52:03 +0000  copying file ./Frameworks/App.framework/flutter_assets/NativeAssetsManifest.json ... 
2026-03-18 06:52:03 +0000  45 bytes for ./Frameworks/App.framework/flutter_assets/NativeAssetsManifest.json
copying file ./Frameworks/App.framework/flutter_assets/FontManifest.json ... 
2026-03-18 06:52:03 +0000  208 bytes for ./Frameworks/App.framework/flutter_assets/FontManifest.json
2026-03-18 06:52:03 +0000  copying file ./Frameworks/App.framework/flutter_assets/.env ... 
2026-03-18 06:52:03 +0000  354 bytes for ./Frameworks/App.framework/flutter_assets/.env
2026-03-18 06:52:03 +0000  copying file ./Frameworks/App.framework/flutter_assets/packages/cupertino_icons/assets/CupertinoIcons.ttf ... 
2026-03-18 06:52:03 +0000  257628 bytes for ./Frameworks/App.framework/flutter_assets/packages/cupertino_icons/assets/CupertinoIcons.ttf
2026-03-18 06:52:03 +0000  copying file ./Frameworks/App.framework/flutter_assets/shaders/ink_sparkle.frag ... 
2026-03-18 06:52:03 +0000  11984 bytes for ./Frameworks/App.framework/flutter_assets/shaders/ink_sparkle.frag
2026-03-18 06:52:03 +0000  copying file ./Frameworks/App.framework/flutter_assets/shaders/stretch_effect.frag ... 
2026-03-18 06:52:03 +0000  10176 bytes for ./Frameworks/App.framework/flutter_assets/shaders/stretch_effect.frag
2026-03-18 06:52:03 +0000  copying file ./Frameworks/App.framework/flutter_assets/AssetManifest.bin ... 
2026-03-18 06:52:03 +0000  808 bytes for ./Frameworks/App.framework/flutter_assets/AssetManifest.bin
2026-03-18 06:52:03 +0000  copying file ./Frameworks/App.framework/flutter_assets/fonts/MaterialIcons-Regular.otf ... 
2026-03-18 06:52:03 +0000  2268 bytes for ./Frameworks/App.framework/flutter_assets/fonts/MaterialIcons-Regular.otf
2026-03-18 06:52:03 +0000  copying file ./Frameworks/App.framework/flutter_assets/assets/images/image%20(2).png ... 
2026-03-18 06:52:03 +0000  4518 bytes for ./Frameworks/App.framework/flutter_assets/assets/images/image%20(2).png
copying file ./Frameworks/App.framework/flutter_assets/assets/images/image%20(3).png ... 
2026-03-18 06:52:03 +0000  39780 bytes for ./Frameworks/App.framework/flutter_assets/assets/images/image%20(3).png
2026-03-18 06:52:03 +0000  copying file ./Frameworks/App.framework/flutter_assets/assets/images/image%20(8).png ... 
2026-03-18 06:52:03 +0000  2365 bytes for ./Frameworks/App.framework/flutter_assets/assets/images/image%20(8).png
copying file ./Frameworks/App.framework/flutter_assets/assets/images/image%20(4).png ... 
2026-03-18 06:52:03 +0000  23630 bytes for ./Frameworks/App.framework/flutter_assets/assets/images/image%20(4).png
copying file ./Frameworks/App.framework/flutter_assets/assets/images/image%20(5).png ... 
2026-03-18 06:52:03 +0000  157776 bytes for ./Frameworks/App.framework/flutter_assets/assets/images/image%20(5).png
2026-03-18 06:52:03 +0000  copying file ./Frameworks/App.framework/flutter_assets/assets/images/image%20(6).png ... 
2026-03-18 06:52:03 +0000  45804 bytes for ./Frameworks/App.framework/flutter_assets/assets/images/image%20(6).png
copying file ./Frameworks/App.framework/flutter_assets/assets/images/image%20(7).png ... 
2026-03-18 06:52:03 +0000  1867254 bytes for ./Frameworks/App.framework/flutter_assets/assets/images/image%20(7).png
copying file ./Frameworks/App.framework/flutter_assets/assets/images/image.png ... 
2026-03-18 06:52:03 +0000  17482 bytes for ./Frameworks/App.framework/flutter_assets/assets/images/image.png
copying file ./Frameworks/App.framework/flutter_assets/assets/images/image%20(1).png ... 
2026-03-18 06:52:03 +0000  9732 bytes for ./Frameworks/App.framework/flutter_assets/assets/images/image%20(1).png
2026-03-18 06:52:03 +0000  copying file ./Frameworks/App.framework/flutter_assets/assets/images/bg.png ... 
2026-03-18 06:52:03 +0000  77360 bytes for ./Frameworks/App.framework/flutter_assets/assets/images/bg.png
2026-03-18 06:52:03 +0000  copying file ./Frameworks/App.framework/Info.plist ... 
2026-03-18 06:52:03 +0000  774 bytes for ./Frameworks/App.framework/Info.plist
2026-03-18 06:52:03 +0000  copying file ./Frameworks/path_provider_foundation.framework/_CodeSignature/CodeResources ... 
2026-03-18 06:52:03 +0000  2400 bytes for ./Frameworks/path_provider_foundation.framework/_CodeSignature/CodeResources
2026-03-18 06:52:03 +0000  copying file ./Frameworks/path_provider_foundation.framework/path_provider_foundation_privacy.bundle/PrivacyInfo.xcprivacy ... 
2026-03-18 06:52:03 +0000  373 bytes for ./Frameworks/path_provider_foundation.framework/path_provider_foundation_privacy.bundle/PrivacyInfo.xcprivacy
copying file ./Frameworks/path_provider_foundation.framework/path_provider_foundation_privacy.bundle/Info.plist ... 
2026-03-18 06:52:03 +0000  810 bytes for ./Frameworks/path_provider_foundation.framework/path_provider_foundation_privacy.bundle/Info.plist
2026-03-18 06:52:03 +0000  copying file ./Frameworks/path_provider_foundation.framework/Info.plist ... 
2026-03-18 06:52:03 +0000  819 bytes for ./Frameworks/path_provider_foundation.framework/Info.plist
2026-03-18 06:52:03 +0000  copying file ./Frameworks/path_provider_foundation.framework/path_provider_foundation ... 
2026-03-18 06:52:03 +0000  159216 bytes for ./Frameworks/path_provider_foundation.framework/path_provider_foundation
2026-03-18 06:52:03 +0000  copying file ./Frameworks/flutter_secure_storage.framework/_CodeSignature/CodeResources ... 
2026-03-18 06:52:03 +0000  2360 bytes for ./Frameworks/flutter_secure_storage.framework/_CodeSignature/CodeResources
2026-03-18 06:52:03 +0000  copying file ./Frameworks/flutter_secure_storage.framework/flutter_secure_storage ... 
2026-03-18 06:52:03 +0000  204416 bytes for ./Frameworks/flutter_secure_storage.framework/flutter_secure_storage
2026-03-18 06:52:03 +0000  copying file ./Frameworks/flutter_secure_storage.framework/flutter_secure_storage.bundle/PrivacyInfo.xcprivacy ... 
2026-03-18 06:52:03 +0000  372 bytes for ./Frameworks/flutter_secure_storage.framework/flutter_secure_storage.bundle/PrivacyInfo.xcprivacy
copying file ./Frameworks/flutter_secure_storage.framework/flutter_secure_storage.bundle/Info.plist ... 
2026-03-18 06:52:03 +0000  789 bytes for ./Frameworks/flutter_secure_storage.framework/flutter_secure_storage.bundle/Info.plist
2026-03-18 06:52:03 +0000  copying file ./Frameworks/flutter_secure_storage.framework/Info.plist ... 
2026-03-18 06:52:03 +0000  815 bytes for ./Frameworks/flutter_secure_storage.framework/Info.plist
2026-03-18 06:52:03 +0000  copying file ./embedded.mobileprovision ... 
2026-03-18 06:52:03 +0000  12111 bytes for ./embedded.mobileprovision
2026-03-18 06:52:03 +0000  copying file ./Info.plist ... 
2026-03-18 06:52:03 +0000  1464 bytes for ./Info.plist
2026-03-18 06:52:03 +0000  copying file ./PkgInfo ... 
2026-03-18 06:52:03 +0000  8 bytes for ./PkgInfo
2026-03-18 06:52:03 +0000  /usr/bin/ditto exited with 0
2026-03-18 06:52:03 +0000  Processing step: IDEDistributionEmbedProfileStep
2026-03-18 06:52:03 +0000  Skipping profile for item: <IDEDistributionItem: 0x60000e74c9c0; bundleID='io.flutter.flutter.app', path='<DVTFilePath:0x60000e797660:'/Users/mac/Library/Developer/Xcode/Archives/2026-03-18/Runner 3-18-26, 1.21 PM.xcarchive/Products/Applications/Runner.app/Frameworks/App.framework'>', codeSigningInfo='<_DVTCodeSigningInformation_Path: 0x60000e7f4180; isSigned='1', isAdHocSigned='0', signingCertificate='<DVTSigningCertificate: 0x6000076e8000; name='Apple Distribution: NTT EAST, Inc. (GDSBJZUPHR)', hash='4D7BEEA170842CBE3F13CEE4F7C36892B5CA929E', serialNumber='2E87BE32812ABCDA987699E60BDE5176', certificateKinds='(
    "1.2.840.113635.100.6.1.7",
    "1.2.840.113635.100.6.1.4"
), issueDate='2026-03-06 08:18:05 +0000''>', entitlements='(null)', teamID='GDSBJZUPHR', identifier='io.flutter.flutter.app', executablePath='<DVTFilePath:0x60000e797b40:'/Users/mac/Library/Developer/Xcode/Archives/2026-03-18/Runner 3-18-26, 1.21 PM.xcarchive/Products/Applications/Runner.app/Frameworks/App.framework/App'>', hardenedRuntime='0'>'>
2026-03-18 06:52:03 +0000  Skipping profile for item: <IDEDistributionItem: 0x60000e771c20; bundleID='io.flutter.flutter', path='<DVTFilePath:0x60002a8d5880:'/Users/mac/Library/Developer/Xcode/Archives/2026-03-18/Runner 3-18-26, 1.21 PM.xcarchive/Products/Applications/Runner.app/Frameworks/Flutter.framework'>', codeSigningInfo='<_DVTCodeSigningInformation_Path: 0x60000e765920; isSigned='1', isAdHocSigned='0', signingCertificate='<DVTSigningCertificate: 0x6000076e8000; name='Apple Distribution: NTT EAST, Inc. (GDSBJZUPHR)', hash='4D7BEEA170842CBE3F13CEE4F7C36892B5CA929E', serialNumber='2E87BE32812ABCDA987699E60BDE5176', certificateKinds='(
    "1.2.840.113635.100.6.1.7",
    "1.2.840.113635.100.6.1.4"
), issueDate='2026-03-06 08:18:05 +0000''>', entitlements='(null)', teamID='GDSBJZUPHR', identifier='io.flutter.flutter', executablePath='<DVTFilePath:0x60000a6ee100:'/Users/mac/Library/Developer/Xcode/Archives/2026-03-18/Runner 3-18-26, 1.21 PM.xcarchive/Products/Applications/Runner.app/Frameworks/Flutter.framework/Flutter'>', hardenedRuntime='0'>'>
2026-03-18 06:52:03 +0000  Skipping profile for item: <IDEDistributionItem: 0x60000e7f49c0; bundleID='org.cocoapods.flutter-secure-storage', path='<DVTFilePath:0x60000ad0bf00:'/Users/mac/Library/Developer/Xcode/Archives/2026-03-18/Runner 3-18-26, 1.21 PM.xcarchive/Products/Applications/Runner.app/Frameworks/flutter_secure_storage.framework'>', codeSigningInfo='<_DVTCodeSigningInformation_Path: 0x60000e74d020; isSigned='1', isAdHocSigned='0', signingCertificate='<DVTSigningCertificate: 0x6000076e8000; name='Apple Distribution: NTT EAST, Inc. (GDSBJZUPHR)', hash='4D7BEEA170842CBE3F13CEE4F7C36892B5CA929E', serialNumber='2E87BE32812ABCDA987699E60BDE5176', certificateKinds='(
    "1.2.840.113635.100.6.1.7",
    "1.2.840.113635.100.6.1.4"
), issueDate='2026-03-06 08:18:05 +0000''>', entitlements='(null)', teamID='GDSBJZUPHR', identifier='org.cocoapods.flutter-secure-storage', executablePath='<DVTFilePath:0x60002a8d56c0:'/Users/mac/Library/Developer/Xcode/Archives/2026-03-18/Runner 3-18-26, 1.21 PM.xcarchive/Products/Applications/Runner.app/Frameworks/flutter_secure_storage.framework/flutter_secure_storage'>', hardenedRuntime='0'>'>
2026-03-18 06:52:03 +0000  Skipping profile for item: <IDEDistributionItem: 0x60000e7f5b60; bundleID='org.cocoapods.path-provider-foundation', path='<DVTFilePath:0x600006f72500:'/Users/mac/Library/Developer/Xcode/Archives/2026-03-18/Runner 3-18-26, 1.21 PM.xcarchive/Products/Applications/Runner.app/Frameworks/path_provider_foundation.framework'>', codeSigningInfo='<_DVTCodeSigningInformation_Path: 0x60000e7605a0; isSigned='1', isAdHocSigned='0', signingCertificate='<DVTSigningCertificate: 0x6000076e8000; name='Apple Distribution: NTT EAST, Inc. (GDSBJZUPHR)', hash='4D7BEEA170842CBE3F13CEE4F7C36892B5CA929E', serialNumber='2E87BE32812ABCDA987699E60BDE5176', certificateKinds='(
    "1.2.840.113635.100.6.1.7",
    "1.2.840.113635.100.6.1.4"
), issueDate='2026-03-06 08:18:05 +0000''>', entitlements='(null)', teamID='GDSBJZUPHR', identifier='org.cocoapods.path-provider-foundation', executablePath='<DVTFilePath:0x60002ab86d80:'/Users/mac/Library/Developer/Xcode/Archives/2026-03-18/Runner 3-18-26, 1.21 PM.xcarchive/Products/Applications/Runner.app/Frameworks/path_provider_foundation.framework/path_provider_foundation'>', hardenedRuntime='0'>'>
2026-03-18 06:52:03 +0000  Processing step: IDEDistributionInfoPlistStep
2026-03-18 06:52:03 +0000  Skipping Info.plist step because item: <IDEDistributionItem: 0x60000e74c9c0; bundleID='io.flutter.flutter.app', path='<DVTFilePath:0x60000e797660:'/Users/mac/Library/Developer/Xcode/Archives/2026-03-18/Runner 3-18-26, 1.21 PM.xcarchive/Products/Applications/Runner.app/Frameworks/App.framework'>', codeSigningInfo='<_DVTCodeSigningInformation_Path: 0x60000e7f4180; isSigned='1', isAdHocSigned='0', signingCertificate='<DVTSigningCertificate: 0x6000076e4480; name='Apple Distribution: NTT EAST, Inc. (GDSBJZUPHR)', hash='4D7BEEA170842CBE3F13CEE4F7C36892B5CA929E', serialNumber='2E87BE32812ABCDA987699E60BDE5176', certificateKinds='(
    "1.2.840.113635.100.6.1.7",
    "1.2.840.113635.100.6.1.4"
), issueDate='2026-03-06 08:18:05 +0000''>', entitlements='(null)', teamID='GDSBJZUPHR', identifier='io.flutter.flutter.app', executablePath='<DVTFilePath:0x60000e797b40:'/Users/mac/Library/Developer/Xcode/Archives/2026-03-18/Runner 3-18-26, 1.21 PM.xcarchive/Products/Applications/Runner.app/Frameworks/App.framework/App'>', hardenedRuntime='0'>'> is a framework or embedded in a framework.
2026-03-18 06:52:03 +0000  Skipping Info.plist step because item: <IDEDistributionItem: 0x60000e771c20; bundleID='io.flutter.flutter', path='<DVTFilePath:0x60002a8d5880:'/Users/mac/Library/Developer/Xcode/Archives/2026-03-18/Runner 3-18-26, 1.21 PM.xcarchive/Products/Applications/Runner.app/Frameworks/Flutter.framework'>', codeSigningInfo='<_DVTCodeSigningInformation_Path: 0x60000e765920; isSigned='1', isAdHocSigned='0', signingCertificate='<DVTSigningCertificate: 0x6000076e4480; name='Apple Distribution: NTT EAST, Inc. (GDSBJZUPHR)', hash='4D7BEEA170842CBE3F13CEE4F7C36892B5CA929E', serialNumber='2E87BE32812ABCDA987699E60BDE5176', certificateKinds='(
    "1.2.840.113635.100.6.1.7",
    "1.2.840.113635.100.6.1.4"
), issueDate='2026-03-06 08:18:05 +0000''>', entitlements='(null)', teamID='GDSBJZUPHR', identifier='io.flutter.flutter', executablePath='<DVTFilePath:0x60000a6ee100:'/Users/mac/Library/Developer/Xcode/Archives/2026-03-18/Runner 3-18-26, 1.21 PM.xcarchive/Products/Applications/Runner.app/Frameworks/Flutter.framework/Flutter'>', hardenedRuntime='0'>'> is a framework or embedded in a framework.
2026-03-18 06:52:03 +0000  Skipping Info.plist step because item: <IDEDistributionItem: 0x60000e7f49c0; bundleID='org.cocoapods.flutter-secure-storage', path='<DVTFilePath:0x60000ad0bf00:'/Users/mac/Library/Developer/Xcode/Archives/2026-03-18/Runner 3-18-26, 1.21 PM.xcarchive/Products/Applications/Runner.app/Frameworks/flutter_secure_storage.framework'>', codeSigningInfo='<_DVTCodeSigningInformation_Path: 0x60000e74d020; isSigned='1', isAdHocSigned='0', signingCertificate='<DVTSigningCertificate: 0x6000076e0480; name='Apple Distribution: NTT EAST, Inc. (GDSBJZUPHR)', hash='4D7BEEA170842CBE3F13CEE4F7C36892B5CA929E', serialNumber='2E87BE32812ABCDA987699E60BDE5176', certificateKinds='(
    "1.2.840.113635.100.6.1.7",
    "1.2.840.113635.100.6.1.4"
), issueDate='2026-03-06 08:18:05 +0000''>', entitlements='(null)', teamID='GDSBJZUPHR', identifier='org.cocoapods.flutter-secure-storage', executablePath='<DVTFilePath:0x60002a8d56c0:'/Users/mac/Library/Developer/Xcode/Archives/2026-03-18/Runner 3-18-26, 1.21 PM.xcarchive/Products/Applications/Runner.app/Frameworks/flutter_secure_storage.framework/flutter_secure_storage'>', hardenedRuntime='0'>'> is a framework or embedded in a framework.
2026-03-18 06:52:03 +0000  Skipping Info.plist step because item: <IDEDistributionItem: 0x60000e7f5b60; bundleID='org.cocoapods.path-provider-foundation', path='<DVTFilePath:0x600006f72500:'/Users/mac/Library/Developer/Xcode/Archives/2026-03-18/Runner 3-18-26, 1.21 PM.xcarchive/Products/Applications/Runner.app/Frameworks/path_provider_foundation.framework'>', codeSigningInfo='<_DVTCodeSigningInformation_Path: 0x60000e7605a0; isSigned='1', isAdHocSigned='0', signingCertificate='<DVTSigningCertificate: 0x6000076e0480; name='Apple Distribution: NTT EAST, Inc. (GDSBJZUPHR)', hash='4D7BEEA170842CBE3F13CEE4F7C36892B5CA929E', serialNumber='2E87BE32812ABCDA987699E60BDE5176', certificateKinds='(
    "1.2.840.113635.100.6.1.7",
    "1.2.840.113635.100.6.1.4"
), issueDate='2026-03-06 08:18:05 +0000''>', entitlements='(null)', teamID='GDSBJZUPHR', identifier='org.cocoapods.path-provider-foundation', executablePath='<DVTFilePath:0x60002ab86d80:'/Users/mac/Library/Developer/Xcode/Archives/2026-03-18/Runner 3-18-26, 1.21 PM.xcarchive/Products/Applications/Runner.app/Frameworks/path_provider_foundation.framework/path_provider_foundation'>', hardenedRuntime='0'>'> is a framework or embedded in a framework.
2026-03-18 06:52:03 +0000  Skipping setting DTXcodeBuildDistribution because toolsBuildVersionName was nil.
2026-03-18 06:52:03 +0000  Processing step: IDEDistributionItemRemovalStep
2026-03-18 06:52:03 +0000  Processing step: IDEDistributionAppThinningPlistStep
2026-03-18 06:52:03 +0000  Skipping step: IDEDistributionAppThinningPlistStep because it said so
2026-03-18 06:52:03 +0000  Processing step: IDEDistributionSymbolsStep
2026-03-18 06:52:03 +0000  Writing /var/folders/p_/fywqt15n1bb_vwtspnjg4cjc0000gn/T/XcodeDistPipeline.~~~WS3jgC/Symbols/50D5F367-5FDF-32EB-A48B-47A48D30B336.symbols
2026-03-18 06:52:03 +0000  Writing /var/folders/p_/fywqt15n1bb_vwtspnjg4cjc0000gn/T/XcodeDistPipeline.~~~WS3jgC/Symbols/A8167FC9-BBC8-33D8-9A42-68A662989D3E.symbols
2026-03-18 06:52:05 +0000  Writing /var/folders/p_/fywqt15n1bb_vwtspnjg4cjc0000gn/T/XcodeDistPipeline.~~~WS3jgC/Symbols/4C4C4457-5555-3144-A190-34B5DA747DBC.symbols
2026-03-18 06:52:05 +0000  Writing /var/folders/p_/fywqt15n1bb_vwtspnjg4cjc0000gn/T/XcodeDistPipeline.~~~WS3jgC/Symbols/95EAB919-9978-3F47-9C89-FDDD9D258C08.symbols
2026-03-18 06:52:05 +0000  Writing /var/folders/p_/fywqt15n1bb_vwtspnjg4cjc0000gn/T/XcodeDistPipeline.~~~WS3jgC/Symbols/A7FCE0E8-AA5C-31B5-93DE-075A78C85FDD.symbols
2026-03-18 06:52:05 +0000  Processing step: IDEDistributionCopyAppleProvidedContentStep
2026-03-18 06:52:05 +0000  Processing step: IDEDistributionAppThinningStep
2026-03-18 06:52:05 +0000  Skipping step: IDEDistributionAppThinningStep because it said so
2026-03-18 06:52:05 +0000  Processing step: IDEDistributionArchThinningStep
2026-03-18 06:52:05 +0000  Archs to thin for item /Users/mac/Library/Developer/Xcode/Archives/2026-03-18/Runner 3-18-26, 1.21 PM.xcarchive/Products/Applications/Runner.app/Frameworks/App.framework are []
2026-03-18 06:52:05 +0000  Archs to thin for item /Users/mac/Library/Developer/Xcode/Archives/2026-03-18/Runner 3-18-26, 1.21 PM.xcarchive/Products/Applications/Runner.app/Frameworks/Flutter.framework are []
2026-03-18 06:52:05 +0000  Archs to thin for item /Users/mac/Library/Developer/Xcode/Archives/2026-03-18/Runner 3-18-26, 1.21 PM.xcarchive/Products/Applications/Runner.app/Frameworks/flutter_secure_storage.framework are []
2026-03-18 06:52:05 +0000  Archs to thin for item /Users/mac/Library/Developer/Xcode/Archives/2026-03-18/Runner 3-18-26, 1.21 PM.xcarchive/Products/Applications/Runner.app/Frameworks/path_provider_foundation.framework are []
2026-03-18 06:52:05 +0000  Archs to thin for item /Users/mac/Library/Developer/Xcode/Archives/2026-03-18/Runner 3-18-26, 1.21 PM.xcarchive/Products/Applications/Runner.app are []
2026-03-18 06:52:05 +0000  Processing step: IDEDistributionODRStep
2026-03-18 06:52:05 +0000  Processing step: IDEDistributionStripXattrsStep
2026-03-18 06:52:05 +0000  Skipping stripping extended attributes because the codesign step will strip them.
2026-03-18 06:52:05 +0000  Skipping stripping extended attributes because the codesign step will strip them.
2026-03-18 06:52:05 +0000  Skipping stripping extended attributes because the codesign step will strip them.
2026-03-18 06:52:05 +0000  Skipping stripping extended attributes because the codesign step will strip them.
2026-03-18 06:52:05 +0000  Skipping stripping extended attributes because the codesign step will strip them.
2026-03-18 06:52:05 +0000  Processing step: IDEDistributionCodesignStep
2026-03-18 06:52:05 +0000  Entitlements for <IDEDistributionItem: 0x60000e74c9c0; bundleID='io.flutter.flutter.app', path='<DVTFilePath:0x60000e797660:'/Users/mac/Library/Developer/Xcode/Archives/2026-03-18/Runner 3-18-26, 1.21 PM.xcarchive/Products/Applications/Runner.app/Frameworks/App.framework'>', codeSigningInfo='<_DVTCodeSigningInformation_Path: 0x60000e7f4180; isSigned='1', isAdHocSigned='0', signingCertificate='<DVTSigningCertificate: 0x6000076c4fc0; name='Apple Distribution: NTT EAST, Inc. (GDSBJZUPHR)', hash='4D7BEEA170842CBE3F13CEE4F7C36892B5CA929E', serialNumber='2E87BE32812ABCDA987699E60BDE5176', certificateKinds='(
    "1.2.840.113635.100.6.1.7",
    "1.2.840.113635.100.6.1.4"
), issueDate='2026-03-06 08:18:05 +0000''>', entitlements='(null)', teamID='GDSBJZUPHR', identifier='io.flutter.flutter.app', executablePath='<DVTFilePath:0x60000e797b40:'/Users/mac/Library/Developer/Xcode/Archives/2026-03-18/Runner 3-18-26, 1.21 PM.xcarchive/Products/Applications/Runner.app/Frameworks/App.framework/App'>', hardenedRuntime='0'>'>: {
}
2026-03-18 06:52:05 +0000  Associated App Clip Identifiers Filter: Skipping because "com.apple.developer.associated-appclip-app-identifiers" is not present
2026-03-18 06:52:05 +0000  Entitlements for <IDEDistributionItem: 0x60000e74c9c0; bundleID='io.flutter.flutter.app', path='<DVTFilePath:0x60000e797660:'/Users/mac/Library/Developer/Xcode/Archives/2026-03-18/Runner 3-18-26, 1.21 PM.xcarchive/Products/Applications/Runner.app/Frameworks/App.framework'>', codeSigningInfo='<_DVTCodeSigningInformation_Path: 0x60000e7f4180; isSigned='1', isAdHocSigned='0', signingCertificate='<DVTSigningCertificate: 0x6000076e0600; name='Apple Distribution: NTT EAST, Inc. (GDSBJZUPHR)', hash='4D7BEEA170842CBE3F13CEE4F7C36892B5CA929E', serialNumber='2E87BE32812ABCDA987699E60BDE5176', certificateKinds='(
    "1.2.840.113635.100.6.1.7",
    "1.2.840.113635.100.6.1.4"
), issueDate='2026-03-06 08:18:05 +0000''>', entitlements='(null)', teamID='GDSBJZUPHR', identifier='io.flutter.flutter.app', executablePath='<DVTFilePath:0x60000e797b40:'/Users/mac/Library/Developer/Xcode/Archives/2026-03-18/Runner 3-18-26, 1.21 PM.xcarchive/Products/Applications/Runner.app/Frameworks/App.framework/App'>', hardenedRuntime='0'>'> are: {
}
2026-03-18 06:52:05 +0000  Writing entitlements for <IDEDistributionItem: 0x60000e74c9c0; bundleID='io.flutter.flutter.app', path='<DVTFilePath:0x60000e797660:'/Users/mac/Library/Developer/Xcode/Archives/2026-03-18/Runner 3-18-26, 1.21 PM.xcarchive/Products/Applications/Runner.app/Frameworks/App.framework'>', codeSigningInfo='<_DVTCodeSigningInformation_Path: 0x60000e7f4180; isSigned='1', isAdHocSigned='0', signingCertificate='<DVTSigningCertificate: 0x6000076e0600; name='Apple Distribution: NTT EAST, Inc. (GDSBJZUPHR)', hash='4D7BEEA170842CBE3F13CEE4F7C36892B5CA929E', serialNumber='2E87BE32812ABCDA987699E60BDE5176', certificateKinds='(
    "1.2.840.113635.100.6.1.7",
    "1.2.840.113635.100.6.1.4"
), issueDate='2026-03-06 08:18:05 +0000''>', entitlements='(null)', teamID='GDSBJZUPHR', identifier='io.flutter.flutter.app', executablePath='<DVTFilePath:0x60000e797b40:'/Users/mac/Library/Developer/Xcode/Archives/2026-03-18/Runner 3-18-26, 1.21 PM.xcarchive/Products/Applications/Runner.app/Frameworks/App.framework/App'>', hardenedRuntime='0'>'> to: /var/folders/p_/fywqt15n1bb_vwtspnjg4cjc0000gn/T/XcodeDistPipeline.~~~WS3jgC/entitlements~~~c4OzJs
2026-03-18 06:52:05 +0000  invoking codesign: <NSConcreteTask: 0x60000e5a5bd0; launchPath='/usr/bin/codesign', arguments='(
    "-f",
    "-s",
    4D7BEEA170842CBE3F13CEE4F7C36892B5CA929E,
    "--entitlements",
    "/var/folders/p_/fywqt15n1bb_vwtspnjg4cjc0000gn/T/XcodeDistPipeline.~~~WS3jgC/entitlements~~~c4OzJs",
    "--preserve-metadata=identifier,flags,runtime,launch-constraints,library-constraints",
    "--generate-entitlement-der",
    "--strip-disallowed-xattrs",
    "-vvv",
    "/var/folders/p_/fywqt15n1bb_vwtspnjg4cjc0000gn/T/XcodeDistPipeline.~~~WS3jgC/Root/Payload/Runner.app/Frameworks/App.framework"
)'>
2026-03-18 06:52:08 +0000  codesign output: /var/folders/p_/fywqt15n1bb_vwtspnjg4cjc0000gn/T/XcodeDistPipeline.~~~WS3jgC/Root/Payload/Runner.app/Frameworks/App.framework: replacing existing signature
/var/folders/p_/fywqt15n1bb_vwtspnjg4cjc0000gn/T/XcodeDistPipeline.~~~WS3jgC/Root/Payload/Runner.app/Frameworks/App.framework: signed bundle with Mach-O universal (arm64) [io.flutter.flutter.app]
2026-03-18 06:52:08 +0000  Entitlements for <IDEDistributionItem: 0x60000e771c20; bundleID='io.flutter.flutter', path='<DVTFilePath:0x60002a8d5880:'/Users/mac/Library/Developer/Xcode/Archives/2026-03-18/Runner 3-18-26, 1.21 PM.xcarchive/Products/Applications/Runner.app/Frameworks/Flutter.framework'>', codeSigningInfo='<_DVTCodeSigningInformation_Path: 0x60000e765920; isSigned='1', isAdHocSigned='0', signingCertificate='<DVTSigningCertificate: 0x6000076fef40; name='Apple Distribution: NTT EAST, Inc. (GDSBJZUPHR)', hash='4D7BEEA170842CBE3F13CEE4F7C36892B5CA929E', serialNumber='2E87BE32812ABCDA987699E60BDE5176', certificateKinds='(
    "1.2.840.113635.100.6.1.7",
    "1.2.840.113635.100.6.1.4"
), issueDate='2026-03-06 08:18:05 +0000''>', entitlements='(null)', teamID='GDSBJZUPHR', identifier='io.flutter.flutter', executablePath='<DVTFilePath:0x60000a6ee100:'/Users/mac/Library/Developer/Xcode/Archives/2026-03-18/Runner 3-18-26, 1.21 PM.xcarchive/Products/Applications/Runner.app/Frameworks/Flutter.framework/Flutter'>', hardenedRuntime='0'>'>: {
}
2026-03-18 06:52:08 +0000  Associated App Clip Identifiers Filter: Skipping because "com.apple.developer.associated-appclip-app-identifiers" is not present
2026-03-18 06:52:08 +0000  Entitlements for <IDEDistributionItem: 0x60000e771c20; bundleID='io.flutter.flutter', path='<DVTFilePath:0x60002a8d5880:'/Users/mac/Library/Developer/Xcode/Archives/2026-03-18/Runner 3-18-26, 1.21 PM.xcarchive/Products/Applications/Runner.app/Frameworks/Flutter.framework'>', codeSigningInfo='<_DVTCodeSigningInformation_Path: 0x60000e765920; isSigned='1', isAdHocSigned='0', signingCertificate='<DVTSigningCertificate: 0x6000076e8240; name='Apple Distribution: NTT EAST, Inc. (GDSBJZUPHR)', hash='4D7BEEA170842CBE3F13CEE4F7C36892B5CA929E', serialNumber='2E87BE32812ABCDA987699E60BDE5176', certificateKinds='(
    "1.2.840.113635.100.6.1.7",
    "1.2.840.113635.100.6.1.4"
), issueDate='2026-03-06 08:18:05 +0000''>', entitlements='(null)', teamID='GDSBJZUPHR', identifier='io.flutter.flutter', executablePath='<DVTFilePath:0x60000a6ee100:'/Users/mac/Library/Developer/Xcode/Archives/2026-03-18/Runner 3-18-26, 1.21 PM.xcarchive/Products/Applications/Runner.app/Frameworks/Flutter.framework/Flutter'>', hardenedRuntime='0'>'> are: {
}
2026-03-18 06:52:08 +0000  Writing entitlements for <IDEDistributionItem: 0x60000e771c20; bundleID='io.flutter.flutter', path='<DVTFilePath:0x60002a8d5880:'/Users/mac/Library/Developer/Xcode/Archives/2026-03-18/Runner 3-18-26, 1.21 PM.xcarchive/Products/Applications/Runner.app/Frameworks/Flutter.framework'>', codeSigningInfo='<_DVTCodeSigningInformation_Path: 0x60000e765920; isSigned='1', isAdHocSigned='0', signingCertificate='<DVTSigningCertificate: 0x6000076eedc0; name='Apple Distribution: NTT EAST, Inc. (GDSBJZUPHR)', hash='4D7BEEA170842CBE3F13CEE4F7C36892B5CA929E', serialNumber='2E87BE32812ABCDA987699E60BDE5176', certificateKinds='(
    "1.2.840.113635.100.6.1.7",
    "1.2.840.113635.100.6.1.4"
), issueDate='2026-03-06 08:18:05 +0000''>', entitlements='(null)', teamID='GDSBJZUPHR', identifier='io.flutter.flutter', executablePath='<DVTFilePath:0x60000a6ee100:'/Users/mac/Library/Developer/Xcode/Archives/2026-03-18/Runner 3-18-26, 1.21 PM.xcarchive/Products/Applications/Runner.app/Frameworks/Flutter.framework/Flutter'>', hardenedRuntime='0'>'> to: /var/folders/p_/fywqt15n1bb_vwtspnjg4cjc0000gn/T/XcodeDistPipeline.~~~WS3jgC/entitlements~~~ZBFEoE
2026-03-18 06:52:08 +0000  invoking codesign: <NSConcreteTask: 0x60000e580870; launchPath='/usr/bin/codesign', arguments='(
    "-f",
    "-s",
    4D7BEEA170842CBE3F13CEE4F7C36892B5CA929E,
    "--entitlements",
    "/var/folders/p_/fywqt15n1bb_vwtspnjg4cjc0000gn/T/XcodeDistPipeline.~~~WS3jgC/entitlements~~~ZBFEoE",
    "--preserve-metadata=identifier,flags,runtime,launch-constraints,library-constraints",
    "--generate-entitlement-der",
    "--strip-disallowed-xattrs",
    "-vvv",
    "/var/folders/p_/fywqt15n1bb_vwtspnjg4cjc0000gn/T/XcodeDistPipeline.~~~WS3jgC/Root/Payload/Runner.app/Frameworks/Flutter.framework"
)'>
2026-03-18 06:52:10 +0000  codesign output: /var/folders/p_/fywqt15n1bb_vwtspnjg4cjc0000gn/T/XcodeDistPipeline.~~~WS3jgC/Root/Payload/Runner.app/Frameworks/Flutter.framework: replacing existing signature
/var/folders/p_/fywqt15n1bb_vwtspnjg4cjc0000gn/T/XcodeDistPipeline.~~~WS3jgC/Root/Payload/Runner.app/Frameworks/Flutter.framework: signed bundle with Mach-O thin (arm64) [io.flutter.flutter]
2026-03-18 06:52:10 +0000  Entitlements for <IDEDistributionItem: 0x60000e7f49c0; bundleID='org.cocoapods.flutter-secure-storage', path='<DVTFilePath:0x60000ad0bf00:'/Users/mac/Library/Developer/Xcode/Archives/2026-03-18/Runner 3-18-26, 1.21 PM.xcarchive/Products/Applications/Runner.app/Frameworks/flutter_secure_storage.framework'>', codeSigningInfo='<_DVTCodeSigningInformation_Path: 0x60000e74d020; isSigned='1', isAdHocSigned='0', signingCertificate='<DVTSigningCertificate: 0x6000076cd200; name='Apple Distribution: NTT EAST, Inc. (GDSBJZUPHR)', hash='4D7BEEA170842CBE3F13CEE4F7C36892B5CA929E', serialNumber='2E87BE32812ABCDA987699E60BDE5176', certificateKinds='(
    "1.2.840.113635.100.6.1.7",
    "1.2.840.113635.100.6.1.4"
), issueDate='2026-03-06 08:18:05 +0000''>', entitlements='(null)', teamID='GDSBJZUPHR', identifier='org.cocoapods.flutter-secure-storage', executablePath='<DVTFilePath:0x60002a8d56c0:'/Users/mac/Library/Developer/Xcode/Archives/2026-03-18/Runner 3-18-26, 1.21 PM.xcarchive/Products/Applications/Runner.app/Frameworks/flutter_secure_storage.framework/flutter_secure_storage'>', hardenedRuntime='0'>'>: {
}
2026-03-18 06:52:10 +0000  Associated App Clip Identifiers Filter: Skipping because "com.apple.developer.associated-appclip-app-identifiers" is not present
2026-03-18 06:52:10 +0000  Entitlements for <IDEDistributionItem: 0x60000e7f49c0; bundleID='org.cocoapods.flutter-secure-storage', path='<DVTFilePath:0x60000ad0bf00:'/Users/mac/Library/Developer/Xcode/Archives/2026-03-18/Runner 3-18-26, 1.21 PM.xcarchive/Products/Applications/Runner.app/Frameworks/flutter_secure_storage.framework'>', codeSigningInfo='<_DVTCodeSigningInformation_Path: 0x60000e74d020; isSigned='1', isAdHocSigned='0', signingCertificate='<DVTSigningCertificate: 0x6000076da340; name='Apple Distribution: NTT EAST, Inc. (GDSBJZUPHR)', hash='4D7BEEA170842CBE3F13CEE4F7C36892B5CA929E', serialNumber='2E87BE32812ABCDA987699E60BDE5176', certificateKinds='(
    "1.2.840.113635.100.6.1.7",
    "1.2.840.113635.100.6.1.4"
), issueDate='2026-03-06 08:18:05 +0000''>', entitlements='(null)', teamID='GDSBJZUPHR', identifier='org.cocoapods.flutter-secure-storage', executablePath='<DVTFilePath:0x60002a8d56c0:'/Users/mac/Library/Developer/Xcode/Archives/2026-03-18/Runner 3-18-26, 1.21 PM.xcarchive/Products/Applications/Runner.app/Frameworks/flutter_secure_storage.framework/flutter_secure_storage'>', hardenedRuntime='0'>'> are: {
}
2026-03-18 06:52:10 +0000  Writing entitlements for <IDEDistributionItem: 0x60000e7f49c0; bundleID='org.cocoapods.flutter-secure-storage', path='<DVTFilePath:0x60000ad0bf00:'/Users/mac/Library/Developer/Xcode/Archives/2026-03-18/Runner 3-18-26, 1.21 PM.xcarchive/Products/Applications/Runner.app/Frameworks/flutter_secure_storage.framework'>', codeSigningInfo='<_DVTCodeSigningInformation_Path: 0x60000e74d020; isSigned='1', isAdHocSigned='0', signingCertificate='<DVTSigningCertificate: 0x6000076cd200; name='Apple Distribution: NTT EAST, Inc. (GDSBJZUPHR)', hash='4D7BEEA170842CBE3F13CEE4F7C36892B5CA929E', serialNumber='2E87BE32812ABCDA987699E60BDE5176', certificateKinds='(
    "1.2.840.113635.100.6.1.7",
    "1.2.840.113635.100.6.1.4"
), issueDate='2026-03-06 08:18:05 +0000''>', entitlements='(null)', teamID='GDSBJZUPHR', identifier='org.cocoapods.flutter-secure-storage', executablePath='<DVTFilePath:0x60002a8d56c0:'/Users/mac/Library/Developer/Xcode/Archives/2026-03-18/Runner 3-18-26, 1.21 PM.xcarchive/Products/Applications/Runner.app/Frameworks/flutter_secure_storage.framework/flutter_secure_storage'>', hardenedRuntime='0'>'> to: /var/folders/p_/fywqt15n1bb_vwtspnjg4cjc0000gn/T/XcodeDistPipeline.~~~WS3jgC/entitlements~~~1sS2gn
2026-03-18 06:52:10 +0000  invoking codesign: <NSConcreteTask: 0x60000e559c70; launchPath='/usr/bin/codesign', arguments='(
    "-f",
    "-s",
    4D7BEEA170842CBE3F13CEE4F7C36892B5CA929E,
    "--entitlements",
    "/var/folders/p_/fywqt15n1bb_vwtspnjg4cjc0000gn/T/XcodeDistPipeline.~~~WS3jgC/entitlements~~~1sS2gn",
    "--preserve-metadata=identifier,flags,runtime,launch-constraints,library-constraints",
    "--generate-entitlement-der",
    "--strip-disallowed-xattrs",
    "-vvv",
    "/var/folders/p_/fywqt15n1bb_vwtspnjg4cjc0000gn/T/XcodeDistPipeline.~~~WS3jgC/Root/Payload/Runner.app/Frameworks/flutter_secure_storage.framework"
)'>
2026-03-18 06:52:12 +0000  codesign output: /var/folders/p_/fywqt15n1bb_vwtspnjg4cjc0000gn/T/XcodeDistPipeline.~~~WS3jgC/Root/Payload/Runner.app/Frameworks/flutter_secure_storage.framework: replacing existing signature
/var/folders/p_/fywqt15n1bb_vwtspnjg4cjc0000gn/T/XcodeDistPipeline.~~~WS3jgC/Root/Payload/Runner.app/Frameworks/flutter_secure_storage.framework: signed bundle with Mach-O thin (arm64) [org.cocoapods.flutter-secure-storage]
2026-03-18 06:52:12 +0000  Entitlements for <IDEDistributionItem: 0x60000e7f5b60; bundleID='org.cocoapods.path-provider-foundation', path='<DVTFilePath:0x600006f72500:'/Users/mac/Library/Developer/Xcode/Archives/2026-03-18/Runner 3-18-26, 1.21 PM.xcarchive/Products/Applications/Runner.app/Frameworks/path_provider_foundation.framework'>', codeSigningInfo='<_DVTCodeSigningInformation_Path: 0x60000e7605a0; isSigned='1', isAdHocSigned='0', signingCertificate='<DVTSigningCertificate: 0x6000076e9080; name='Apple Distribution: NTT EAST, Inc. (GDSBJZUPHR)', hash='4D7BEEA170842CBE3F13CEE4F7C36892B5CA929E', serialNumber='2E87BE32812ABCDA987699E60BDE5176', certificateKinds='(
    "1.2.840.113635.100.6.1.7",
    "1.2.840.113635.100.6.1.4"
), issueDate='2026-03-06 08:18:05 +0000''>', entitlements='(null)', teamID='GDSBJZUPHR', identifier='org.cocoapods.path-provider-foundation', executablePath='<DVTFilePath:0x60002ab86d80:'/Users/mac/Library/Developer/Xcode/Archives/2026-03-18/Runner 3-18-26, 1.21 PM.xcarchive/Products/Applications/Runner.app/Frameworks/path_provider_foundation.framework/path_provider_foundation'>', hardenedRuntime='0'>'>: {
}
2026-03-18 06:52:12 +0000  Associated App Clip Identifiers Filter: Skipping because "com.apple.developer.associated-appclip-app-identifiers" is not present
2026-03-18 06:52:12 +0000  Entitlements for <IDEDistributionItem: 0x60000e7f5b60; bundleID='org.cocoapods.path-provider-foundation', path='<DVTFilePath:0x600006f72500:'/Users/mac/Library/Developer/Xcode/Archives/2026-03-18/Runner 3-18-26, 1.21 PM.xcarchive/Products/Applications/Runner.app/Frameworks/path_provider_foundation.framework'>', codeSigningInfo='<_DVTCodeSigningInformation_Path: 0x60000e7605a0; isSigned='1', isAdHocSigned='0', signingCertificate='<DVTSigningCertificate: 0x6000076e9080; name='Apple Distribution: NTT EAST, Inc. (GDSBJZUPHR)', hash='4D7BEEA170842CBE3F13CEE4F7C36892B5CA929E', serialNumber='2E87BE32812ABCDA987699E60BDE5176', certificateKinds='(
    "1.2.840.113635.100.6.1.7",
    "1.2.840.113635.100.6.1.4"
), issueDate='2026-03-06 08:18:05 +0000''>', entitlements='(null)', teamID='GDSBJZUPHR', identifier='org.cocoapods.path-provider-foundation', executablePath='<DVTFilePath:0x60002ab86d80:'/Users/mac/Library/Developer/Xcode/Archives/2026-03-18/Runner 3-18-26, 1.21 PM.xcarchive/Products/Applications/Runner.app/Frameworks/path_provider_foundation.framework/path_provider_foundation'>', hardenedRuntime='0'>'> are: {
}
2026-03-18 06:52:12 +0000  Writing entitlements for <IDEDistributionItem: 0x60000e7f5b60; bundleID='org.cocoapods.path-provider-foundation', path='<DVTFilePath:0x600006f72500:'/Users/mac/Library/Developer/Xcode/Archives/2026-03-18/Runner 3-18-26, 1.21 PM.xcarchive/Products/Applications/Runner.app/Frameworks/path_provider_foundation.framework'>', codeSigningInfo='<_DVTCodeSigningInformation_Path: 0x60000e7605a0; isSigned='1', isAdHocSigned='0', signingCertificate='<DVTSigningCertificate: 0x600007673e40; name='Apple Distribution: NTT EAST, Inc. (GDSBJZUPHR)', hash='4D7BEEA170842CBE3F13CEE4F7C36892B5CA929E', serialNumber='2E87BE32812ABCDA987699E60BDE5176', certificateKinds='(
    "1.2.840.113635.100.6.1.7",
    "1.2.840.113635.100.6.1.4"
), issueDate='2026-03-06 08:18:05 +0000''>', entitlements='(null)', teamID='GDSBJZUPHR', identifier='org.cocoapods.path-provider-foundation', executablePath='<DVTFilePath:0x60002ab86d80:'/Users/mac/Library/Developer/Xcode/Archives/2026-03-18/Runner 3-18-26, 1.21 PM.xcarchive/Products/Applications/Runner.app/Frameworks/path_provider_foundation.framework/path_provider_foundation'>', hardenedRuntime='0'>'> to: /var/folders/p_/fywqt15n1bb_vwtspnjg4cjc0000gn/T/XcodeDistPipeline.~~~WS3jgC/entitlements~~~QyN83Q
2026-03-18 06:52:12 +0000  invoking codesign: <NSConcreteTask: 0x60000e07b020; launchPath='/usr/bin/codesign', arguments='(
    "-f",
    "-s",
    4D7BEEA170842CBE3F13CEE4F7C36892B5CA929E,
    "--entitlements",
    "/var/folders/p_/fywqt15n1bb_vwtspnjg4cjc0000gn/T/XcodeDistPipeline.~~~WS3jgC/entitlements~~~QyN83Q",
    "--preserve-metadata=identifier,flags,runtime,launch-constraints,library-constraints",
    "--generate-entitlement-der",
    "--strip-disallowed-xattrs",
    "-vvv",
    "/var/folders/p_/fywqt15n1bb_vwtspnjg4cjc0000gn/T/XcodeDistPipeline.~~~WS3jgC/Root/Payload/Runner.app/Frameworks/path_provider_foundation.framework"
)'>
2026-03-18 06:52:14 +0000  codesign output: /var/folders/p_/fywqt15n1bb_vwtspnjg4cjc0000gn/T/XcodeDistPipeline.~~~WS3jgC/Root/Payload/Runner.app/Frameworks/path_provider_foundation.framework: replacing existing signature
/var/folders/p_/fywqt15n1bb_vwtspnjg4cjc0000gn/T/XcodeDistPipeline.~~~WS3jgC/Root/Payload/Runner.app/Frameworks/path_provider_foundation.framework: signed bundle with Mach-O thin (arm64) [org.cocoapods.path-provider-foundation]
2026-03-18 06:52:14 +0000  Entitlements for <IDEDistributionItem: 0x60000e7b7720; bundleID='jp.co.ntt.east.NttEastOsvaEms', path='<DVTFilePath:0x60000e7ac840:'/Users/mac/Library/Developer/Xcode/Archives/2026-03-18/Runner 3-18-26, 1.21 PM.xcarchive/Products/Applications/Runner.app'>', codeSigningInfo='<_DVTCodeSigningInformation_Path: 0x60000e7296e0; isSigned='1', isAdHocSigned='0', signingCertificate='<DVTSigningCertificate: 0x6000076d0540; name='Apple Distribution: NTT EAST, Inc. (GDSBJZUPHR)', hash='4D7BEEA170842CBE3F13CEE4F7C36892B5CA929E', serialNumber='2E87BE32812ABCDA987699E60BDE5176', certificateKinds='(
    "1.2.840.113635.100.6.1.7",
    "1.2.840.113635.100.6.1.4"
), issueDate='2026-03-06 08:18:05 +0000''>', entitlements='{
    "application-identifier" = "GDSBJZUPHR.jp.co.ntt.east.NttEastOsvaEms";
    "beta-reports-active" = 1;
    "com.apple.developer.team-identifier" = GDSBJZUPHR;
    "get-task-allow" = 0;
}', teamID='GDSBJZUPHR', identifier='jp.co.ntt.east.NttEastOsvaEms', executablePath='<DVTFilePath:0x60000e7ee220:'/Users/mac/Library/Developer/Xcode/Archives/2026-03-18/Runner 3-18-26, 1.21 PM.xcarchive/Products/Applications/Runner.app/Runner'>', hardenedRuntime='0'>'>: {
    "application-identifier" = "GDSBJZUPHR.jp.co.ntt.east.NttEastOsvaEms";
    "beta-reports-active" = 1;
    "com.apple.developer.team-identifier" = GDSBJZUPHR;
    "get-task-allow" = 0;
}
2026-03-18 06:52:14 +0000  Associated App Clip Identifiers Filter: Skipping because "com.apple.developer.associated-appclip-app-identifiers" is not present
2026-03-18 06:52:14 +0000  Entitlements for <IDEDistributionItem: 0x60000e7b7720; bundleID='jp.co.ntt.east.NttEastOsvaEms', path='<DVTFilePath:0x60000e7ac840:'/Users/mac/Library/Developer/Xcode/Archives/2026-03-18/Runner 3-18-26, 1.21 PM.xcarchive/Products/Applications/Runner.app'>', codeSigningInfo='<_DVTCodeSigningInformation_Path: 0x60000e7296e0; isSigned='1', isAdHocSigned='0', signingCertificate='<DVTSigningCertificate: 0x6000076d0540; name='Apple Distribution: NTT EAST, Inc. (GDSBJZUPHR)', hash='4D7BEEA170842CBE3F13CEE4F7C36892B5CA929E', serialNumber='2E87BE32812ABCDA987699E60BDE5176', certificateKinds='(
    "1.2.840.113635.100.6.1.7",
    "1.2.840.113635.100.6.1.4"
), issueDate='2026-03-06 08:18:05 +0000''>', entitlements='{
    "application-identifier" = "GDSBJZUPHR.jp.co.ntt.east.NttEastOsvaEms";
    "beta-reports-active" = 1;
    "com.apple.developer.team-identifier" = GDSBJZUPHR;
    "get-task-allow" = 0;
}', teamID='GDSBJZUPHR', identifier='jp.co.ntt.east.NttEastOsvaEms', executablePath='<DVTFilePath:0x60000e7ee220:'/Users/mac/Library/Developer/Xcode/Archives/2026-03-18/Runner 3-18-26, 1.21 PM.xcarchive/Products/Applications/Runner.app/Runner'>', hardenedRuntime='0'>'> are: {
    "application-identifier" = "GDSBJZUPHR.jp.co.ntt.east.NttEastOsvaEms";
    "beta-reports-active" = 1;
    "com.apple.developer.team-identifier" = GDSBJZUPHR;
    "get-task-allow" = 0;
}
2026-03-18 06:52:14 +0000  Writing entitlements for <IDEDistributionItem: 0x60000e7b7720; bundleID='jp.co.ntt.east.NttEastOsvaEms', path='<DVTFilePath:0x60000e7ac840:'/Users/mac/Library/Developer/Xcode/Archives/2026-03-18/Runner 3-18-26, 1.21 PM.xcarchive/Products/Applications/Runner.app'>', codeSigningInfo='<_DVTCodeSigningInformation_Path: 0x60000e7296e0; isSigned='1', isAdHocSigned='0', signingCertificate='<DVTSigningCertificate: 0x6000076ea280; name='Apple Distribution: NTT EAST, Inc. (GDSBJZUPHR)', hash='4D7BEEA170842CBE3F13CEE4F7C36892B5CA929E', serialNumber='2E87BE32812ABCDA987699E60BDE5176', certificateKinds='(
    "1.2.840.113635.100.6.1.7",
    "1.2.840.113635.100.6.1.4"
), issueDate='2026-03-06 08:18:05 +0000''>', entitlements='{
    "application-identifier" = "GDSBJZUPHR.jp.co.ntt.east.NttEastOsvaEms";
    "beta-reports-active" = 1;
    "com.apple.developer.team-identifier" = GDSBJZUPHR;
    "get-task-allow" = 0;
}', teamID='GDSBJZUPHR', identifier='jp.co.ntt.east.NttEastOsvaEms', executablePath='<DVTFilePath:0x60000e7ee220:'/Users/mac/Library/Developer/Xcode/Archives/2026-03-18/Runner 3-18-26, 1.21 PM.xcarchive/Products/Applications/Runner.app/Runner'>', hardenedRuntime='0'>'> to: /var/folders/p_/fywqt15n1bb_vwtspnjg4cjc0000gn/T/XcodeDistPipeline.~~~WS3jgC/entitlements~~~rekHWn
2026-03-18 06:52:14 +0000  invoking codesign: <NSConcreteTask: 0x60000e59c690; launchPath='/usr/bin/codesign', arguments='(
    "-f",
    "-s",
    4D7BEEA170842CBE3F13CEE4F7C36892B5CA929E,
    "--entitlements",
    "/var/folders/p_/fywqt15n1bb_vwtspnjg4cjc0000gn/T/XcodeDistPipeline.~~~WS3jgC/entitlements~~~rekHWn",
    "--preserve-metadata=identifier,flags,runtime,launch-constraints,library-constraints",
    "--generate-entitlement-der",
    "--strip-disallowed-xattrs",
    "-vvv",
    "/var/folders/p_/fywqt15n1bb_vwtspnjg4cjc0000gn/T/XcodeDistPipeline.~~~WS3jgC/Root/Payload/Runner.app"
)'>
2026-03-18 06:52:16 +0000  codesign output: /var/folders/p_/fywqt15n1bb_vwtspnjg4cjc0000gn/T/XcodeDistPipeline.~~~WS3jgC/Root/Payload/Runner.app: replacing existing signature
/var/folders/p_/fywqt15n1bb_vwtspnjg4cjc0000gn/T/XcodeDistPipeline.~~~WS3jgC/Root/Payload/Runner.app: signed app bundle with Mach-O thin (arm64) [jp.co.ntt.east.NttEastOsvaEms]
2026-03-18 06:52:16 +0000  Processing step: IDEDistributionZipODRItemStep
2026-03-18 06:52:16 +0000  Skipping step: IDEDistributionZipODRItemStep because it said so
2026-03-18 06:52:16 +0000  Skipping step: IDEDistributionZipODRItemStep because it said so
2026-03-18 06:52:16 +0000  Skipping step: IDEDistributionZipODRItemStep because it said so
2026-03-18 06:52:16 +0000  Skipping step: IDEDistributionZipODRItemStep because it said so
2026-03-18 06:52:16 +0000  Skipping step: IDEDistributionZipODRItemStep because it said so
2026-03-18 06:52:16 +0000  Processing step: IDEDistributionCreateIPAStep
2026-03-18 06:52:16 +0000  Running /usr/bin/rsync '-8aPhhE' '/var/folders/p_/fywqt15n1bb_vwtspnjg4cjc0000gn/T/XcodeDistPipeline.~~~WS3jgC/Symbols' '--link-dest' '/var/folders/p_/fywqt15n1bb_vwtspnjg4cjc0000gn/T/XcodeDistPipeline.~~~WS3jgC' '/var/folders/p_/fywqt15n1bb_vwtspnjg4cjc0000gn/T/XcodeDistPipeline.~~~WS3jgC/Root'
2026-03-18 06:52:16 +0000  Symbols/
Symbols/4C4C4457-5555-3144-A190-34B5DA747DBC.symbols
Symbols/50D5F367-5FDF-32EB-A48B-47A48D30B336.symbols
Symbols/95EAB919-9978-3F47-9C89-FDDD9D258C08.symbols
Symbols/A7FCE0E8-AA5C-31B5-93DE-075A78C85FDD.symbols
Symbols/A8167FC9-BBC8-33D8-9A42-68A662989D3E.symbols
2026-03-18 06:52:16 +0000  /usr/bin/rsync exited with 0
2026-03-18 06:52:16 +0000  Running /usr/bin/ditto '-V' '-c' '-k' '--norsrc' '/var/folders/p_/fywqt15n1bb_vwtspnjg4cjc0000gn/T/XcodeDistPipeline.~~~WS3jgC/Root' '/var/folders/p_/fywqt15n1bb_vwtspnjg4cjc0000gn/T/XcodeDistPipeline.~~~WS3jgC/Packages/EMS.ipa'
2026-03-18 06:52:16 +0000  >>> Copying /var/folders/p_/fywqt15n1bb_vwtspnjg4cjc0000gn/T/XcodeDistPipeline.~~~WS3jgC/Root 
2026-03-18 06:52:16 +0000  copying file ./Payload/Runner.app/_CodeSignature/CodeResources ... 
2026-03-18 06:52:16 +0000  22361 bytes for ./Payload/Runner.app/_CodeSignature/CodeResources
2026-03-18 06:52:16 +0000  copying file ./Payload/Runner.app/AppIcon60x60@2x.png ... 
2026-03-18 06:52:16 +0000  15335 bytes for ./Payload/Runner.app/AppIcon60x60@2x.png
2026-03-18 06:52:16 +0000  copying file ./Payload/Runner.app/Runner ... 
2026-03-18 06:52:16 +0000  95056 bytes for ./Payload/Runner.app/Runner
2026-03-18 06:52:16 +0000  copying file ./Payload/Runner.app/Base.lproj/Main.storyboardc/UIViewController-BYZ-38-t0r.nib ... 
2026-03-18 06:52:16 +0000  951 bytes for ./Payload/Runner.app/Base.lproj/Main.storyboardc/UIViewController-BYZ-38-t0r.nib
2026-03-18 06:52:16 +0000  copying file ./Payload/Runner.app/Base.lproj/Main.storyboardc/BYZ-38-t0r-view-8bC-Xf-vdC.nib ... 
2026-03-18 06:52:16 +0000  1835 bytes for ./Payload/Runner.app/Base.lproj/Main.storyboardc/BYZ-38-t0r-view-8bC-Xf-vdC.nib
copying file ./Payload/Runner.app/Base.lproj/Main.storyboardc/Info.plist ... 
2026-03-18 06:52:16 +0000  258 bytes for ./Payload/Runner.app/Base.lproj/Main.storyboardc/Info.plist
2026-03-18 06:52:16 +0000  copying file ./Payload/Runner.app/Base.lproj/LaunchScreen.storyboardc/01J-lp-oVM-view-Ze5-6b-2t3.nib ... 
2026-03-18 06:52:16 +0000  2281 bytes for ./Payload/Runner.app/Base.lproj/LaunchScreen.storyboardc/01J-lp-oVM-view-Ze5-6b-2t3.nib
copying file ./Payload/Runner.app/Base.lproj/LaunchScreen.storyboardc/UIViewController-01J-lp-oVM.nib ... 
2026-03-18 06:52:16 +0000  924 bytes for ./Payload/Runner.app/Base.lproj/LaunchScreen.storyboardc/UIViewController-01J-lp-oVM.nib
2026-03-18 06:52:16 +0000  copying file ./Payload/Runner.app/Base.lproj/LaunchScreen.storyboardc/Info.plist ... 
258 bytes for ./Payload/Runner.app/Base.lproj/LaunchScreen.storyboardc/Info.plist
2026-03-18 06:52:16 +0000  copying file ./Payload/Runner.app/Assets.car ... 
2026-03-18 06:52:16 +0000  689912 bytes for ./Payload/Runner.app/Assets.car
2026-03-18 06:52:16 +0000  copying file ./Payload/Runner.app/AppFrameworkInfo.plist ... 
377 bytes for ./Payload/Runner.app/AppFrameworkInfo.plist
copying file ./Payload/Runner.app/AppIcon76x76@2x~ipad.png ... 
2026-03-18 06:52:16 +0000  23771 bytes for ./Payload/Runner.app/AppIcon76x76@2x~ipad.png
2026-03-18 06:52:16 +0000  copying file ./Payload/Runner.app/Frameworks/Flutter.framework/_CodeSignature/CodeResources ... 
2026-03-18 06:52:16 +0000  7070 bytes for ./Payload/Runner.app/Frameworks/Flutter.framework/_CodeSignature/CodeResources
2026-03-18 06:52:16 +0000  copying file ./Payload/Runner.app/Frameworks/Flutter.framework/icudtl.dat ... 
2026-03-18 06:52:17 +0000  778864 bytes for ./Payload/Runner.app/Frameworks/Flutter.framework/icudtl.dat
2026-03-18 06:52:17 +0000  copying file ./Payload/Runner.app/Frameworks/Flutter.framework/Flutter ... 
2026-03-18 06:52:17 +0000  8860128 bytes for ./Payload/Runner.app/Frameworks/Flutter.framework/Flutter
2026-03-18 06:52:17 +0000  copying file ./Payload/Runner.app/Frameworks/Flutter.framework/Headers/FlutterSceneDelegate.h ... 
893 bytes for ./Payload/Runner.app/Frameworks/Flutter.framework/Headers/FlutterSceneDelegate.h
copying file ./Payload/Runner.app/Frameworks/Flutter.framework/Headers/FlutterEngine.h ... 
2026-03-18 06:52:17 +0000  21723 bytes for ./Payload/Runner.app/Frameworks/Flutter.framework/Headers/FlutterEngine.h
2026-03-18 06:52:17 +0000  copying file ./Payload/Runner.app/Frameworks/Flutter.framework/Headers/FlutterChannels.h ... 
2026-03-18 06:52:17 +0000  18414 bytes for ./Payload/Runner.app/Frameworks/Flutter.framework/Headers/FlutterChannels.h
2026-03-18 06:52:17 +0000  copying file ./Payload/Runner.app/Frameworks/Flutter.framework/Headers/FlutterPlugin.h ... 
2026-03-18 06:52:17 +0000  18306 bytes for ./Payload/Runner.app/Frameworks/Flutter.framework/Headers/FlutterPlugin.h
2026-03-18 06:52:17 +0000  copying file ./Payload/Runner.app/Frameworks/Flutter.framework/Headers/FlutterAppDelegate.h ... 
1821 bytes for ./Payload/Runner.app/Frameworks/Flutter.framework/Headers/FlutterAppDelegate.h
2026-03-18 06:52:17 +0000  copying file ./Payload/Runner.app/Frameworks/Flutter.framework/Headers/FlutterTexture.h ... 
2263 bytes for ./Payload/Runner.app/Frameworks/Flutter.framework/Headers/FlutterTexture.h
2026-03-18 06:52:17 +0000  copying file ./Payload/Runner.app/Frameworks/Flutter.framework/Headers/FlutterEngineGroup.h ... 
2026-03-18 06:52:17 +0000  4755 bytes for ./Payload/Runner.app/Frameworks/Flutter.framework/Headers/FlutterEngineGroup.h
copying file ./Payload/Runner.app/Frameworks/Flutter.framework/Headers/FlutterPlatformViews.h ... 
2026-03-18 06:52:17 +0000  1966 bytes for ./Payload/Runner.app/Frameworks/Flutter.framework/Headers/FlutterPlatformViews.h
copying file ./Payload/Runner.app/Frameworks/Flutter.framework/Headers/FlutterHeadlessDartRunner.h ... 
2026-03-18 06:52:17 +0000  3927 bytes for ./Payload/Runner.app/Frameworks/Flutter.framework/Headers/FlutterHeadlessDartRunner.h
copying file ./Payload/Runner.app/Frameworks/Flutter.framework/Headers/FlutterCodecs.h ... 
2026-03-18 06:52:17 +0000  15290 bytes for ./Payload/Runner.app/Frameworks/Flutter.framework/Headers/FlutterCodecs.h
2026-03-18 06:52:17 +0000  copying file ./Payload/Runner.app/Frameworks/Flutter.framework/Headers/Flutter.h ... 
921 bytes for ./Payload/Runner.app/Frameworks/Flutter.framework/Headers/Flutter.h
2026-03-18 06:52:17 +0000  copying file ./Payload/Runner.app/Frameworks/Flutter.framework/Headers/FlutterViewController.h ... 
2026-03-18 06:52:17 +0000  10172 bytes for ./Payload/Runner.app/Frameworks/Flutter.framework/Headers/FlutterViewController.h
2026-03-18 06:52:17 +0000  copying file ./Payload/Runner.app/Frameworks/Flutter.framework/Headers/FlutterMacros.h ... 
2026-03-18 06:52:17 +0000  1823 bytes for ./Payload/Runner.app/Frameworks/Flutter.framework/Headers/FlutterMacros.h
copying file ./Payload/Runner.app/Frameworks/Flutter.framework/Headers/FlutterDartProject.h ... 
2026-03-18 06:52:17 +0000  3914 bytes for ./Payload/Runner.app/Frameworks/Flutter.framework/Headers/FlutterDartProject.h
copying file ./Payload/Runner.app/Frameworks/Flutter.framework/Headers/FlutterHourFormat.h ... 
2026-03-18 06:52:17 +0000  536 bytes for ./Payload/Runner.app/Frameworks/Flutter.framework/Headers/FlutterHourFormat.h
copying file ./Payload/Runner.app/Frameworks/Flutter.framework/Headers/FlutterPluginAppLifeCycleDelegate.h ... 
2026-03-18 06:52:17 +0000  5318 bytes for ./Payload/Runner.app/Frameworks/Flutter.framework/Headers/FlutterPluginAppLifeCycleDelegate.h
2026-03-18 06:52:17 +0000  copying file ./Payload/Runner.app/Frameworks/Flutter.framework/Headers/FlutterBinaryMessenger.h ... 
3761 bytes for ./Payload/Runner.app/Frameworks/Flutter.framework/Headers/FlutterBinaryMessenger.h
2026-03-18 06:52:17 +0000  copying file ./Payload/Runner.app/Frameworks/Flutter.framework/Headers/FlutterCallbackCache.h ... 
1724 bytes for ./Payload/Runner.app/Frameworks/Flutter.framework/Headers/FlutterCallbackCache.h
2026-03-18 06:52:17 +0000  copying file ./Payload/Runner.app/Frameworks/Flutter.framework/Headers/FlutterSceneLifeCycle.h ... 
2026-03-18 06:52:17 +0000  7729 bytes for ./Payload/Runner.app/Frameworks/Flutter.framework/Headers/FlutterSceneLifeCycle.h
copying file ./Payload/Runner.app/Frameworks/Flutter.framework/PrivacyInfo.xcprivacy ... 
2026-03-18 06:52:17 +0000  845 bytes for ./Payload/Runner.app/Frameworks/Flutter.framework/PrivacyInfo.xcprivacy
copying file ./Payload/Runner.app/Frameworks/Flutter.framework/Modules/module.modulemap ... 
2026-03-18 06:52:17 +0000  95 bytes for ./Payload/Runner.app/Frameworks/Flutter.framework/Modules/module.modulemap
copying file ./Payload/Runner.app/Frameworks/Flutter.framework/Info.plist ... 
2026-03-18 06:52:17 +0000  1081 bytes for ./Payload/Runner.app/Frameworks/Flutter.framework/Info.plist
2026-03-18 06:52:17 +0000  copying file ./Payload/Runner.app/Frameworks/App.framework/_CodeSignature/CodeResources ... 
2026-03-18 06:52:17 +0000  6868 bytes for ./Payload/Runner.app/Frameworks/App.framework/_CodeSignature/CodeResources
2026-03-18 06:52:17 +0000  copying file ./Payload/Runner.app/Frameworks/App.framework/App ... 
2026-03-18 06:52:18 +0000  6084048 bytes for ./Payload/Runner.app/Frameworks/App.framework/App
2026-03-18 06:52:18 +0000  copying file ./Payload/Runner.app/Frameworks/App.framework/flutter_assets/NOTICES.Z ... 
2026-03-18 06:52:18 +0000  108853 bytes for ./Payload/Runner.app/Frameworks/App.framework/flutter_assets/NOTICES.Z
2026-03-18 06:52:18 +0000  copying file ./Payload/Runner.app/Frameworks/App.framework/flutter_assets/NativeAssetsManifest.json ... 
45 bytes for ./Payload/Runner.app/Frameworks/App.framework/flutter_assets/NativeAssetsManifest.json
2026-03-18 06:52:18 +0000  copying file ./Payload/Runner.app/Frameworks/App.framework/flutter_assets/FontManifest.json ... 
208 bytes for ./Payload/Runner.app/Frameworks/App.framework/flutter_assets/FontManifest.json
2026-03-18 06:52:18 +0000  copying file ./Payload/Runner.app/Frameworks/App.framework/flutter_assets/.env ... 
354 bytes for ./Payload/Runner.app/Frameworks/App.framework/flutter_assets/.env
2026-03-18 06:52:18 +0000  copying file ./Payload/Runner.app/Frameworks/App.framework/flutter_assets/packages/cupertino_icons/assets/CupertinoIcons.ttf ... 
2026-03-18 06:52:18 +0000  257628 bytes for ./Payload/Runner.app/Frameworks/App.framework/flutter_assets/packages/cupertino_icons/assets/CupertinoIcons.ttf
2026-03-18 06:52:18 +0000  copying file ./Payload/Runner.app/Frameworks/App.framework/flutter_assets/shaders/ink_sparkle.frag ... 
2026-03-18 06:52:18 +0000  11984 bytes for ./Payload/Runner.app/Frameworks/App.framework/flutter_assets/shaders/ink_sparkle.frag
2026-03-18 06:52:18 +0000  copying file ./Payload/Runner.app/Frameworks/App.framework/flutter_assets/shaders/stretch_effect.frag ... 
2026-03-18 06:52:18 +0000  10176 bytes for ./Payload/Runner.app/Frameworks/App.framework/flutter_assets/shaders/stretch_effect.frag
copying file ./Payload/Runner.app/Frameworks/App.framework/flutter_assets/AssetManifest.bin ... 
2026-03-18 06:52:18 +0000  808 bytes for ./Payload/Runner.app/Frameworks/App.framework/flutter_assets/AssetManifest.bin
2026-03-18 06:52:18 +0000  copying file ./Payload/Runner.app/Frameworks/App.framework/flutter_assets/fonts/MaterialIcons-Regular.otf ... 
2026-03-18 06:52:18 +0000  2268 bytes for ./Payload/Runner.app/Frameworks/App.framework/flutter_assets/fonts/MaterialIcons-Regular.otf
2026-03-18 06:52:18 +0000  copying file ./Payload/Runner.app/Frameworks/App.framework/flutter_assets/assets/images/image%20(2).png ... 
2026-03-18 06:52:18 +0000  4518 bytes for ./Payload/Runner.app/Frameworks/App.framework/flutter_assets/assets/images/image%20(2).png
2026-03-18 06:52:18 +0000  copying file ./Payload/Runner.app/Frameworks/App.framework/flutter_assets/assets/images/image%20(3).png ... 
2026-03-18 06:52:18 +0000  39780 bytes for ./Payload/Runner.app/Frameworks/App.framework/flutter_assets/assets/images/image%20(3).png
2026-03-18 06:52:18 +0000  copying file ./Payload/Runner.app/Frameworks/App.framework/flutter_assets/assets/images/image%20(8).png ... 
2365 bytes for ./Payload/Runner.app/Frameworks/App.framework/flutter_assets/assets/images/image%20(8).png
2026-03-18 06:52:18 +0000  copying file ./Payload/Runner.app/Frameworks/App.framework/flutter_assets/assets/images/image%20(4).png ... 
2026-03-18 06:52:18 +0000  23630 bytes for ./Payload/Runner.app/Frameworks/App.framework/flutter_assets/assets/images/image%20(4).png
2026-03-18 06:52:18 +0000  copying file ./Payload/Runner.app/Frameworks/App.framework/flutter_assets/assets/images/image%20(5).png ... 
2026-03-18 06:52:18 +0000  157776 bytes for ./Payload/Runner.app/Frameworks/App.framework/flutter_assets/assets/images/image%20(5).png
2026-03-18 06:52:18 +0000  copying file ./Payload/Runner.app/Frameworks/App.framework/flutter_assets/assets/images/image%20(6).png ... 
2026-03-18 06:52:18 +0000  45804 bytes for ./Payload/Runner.app/Frameworks/App.framework/flutter_assets/assets/images/image%20(6).png
2026-03-18 06:52:18 +0000  copying file ./Payload/Runner.app/Frameworks/App.framework/flutter_assets/assets/images/image%20(7).png ... 
2026-03-18 06:52:18 +0000  1867254 bytes for ./Payload/Runner.app/Frameworks/App.framework/flutter_assets/assets/images/image%20(7).png
2026-03-18 06:52:18 +0000  copying file ./Payload/Runner.app/Frameworks/App.framework/flutter_assets/assets/images/image.png ... 
17482 bytes for ./Payload/Runner.app/Frameworks/App.framework/flutter_assets/assets/images/image.png
copying file ./Payload/Runner.app/Frameworks/App.framework/flutter_assets/assets/images/image%20(1).png ... 
9732 bytes for ./Payload/Runner.app/Frameworks/App.framework/flutter_assets/assets/images/image%20(1).png
copying file ./Payload/Runner.app/Frameworks/App.framework/flutter_assets/assets/images/bg.png ... 
2026-03-18 06:52:18 +0000  77360 bytes for ./Payload/Runner.app/Frameworks/App.framework/flutter_assets/assets/images/bg.png
2026-03-18 06:52:18 +0000  copying file ./Payload/Runner.app/Frameworks/App.framework/Info.plist ... 
774 bytes for ./Payload/Runner.app/Frameworks/App.framework/Info.plist
2026-03-18 06:52:18 +0000  copying file ./Payload/Runner.app/Frameworks/path_provider_foundation.framework/_CodeSignature/CodeResources ... 
2026-03-18 06:52:18 +0000  2400 bytes for ./Payload/Runner.app/Frameworks/path_provider_foundation.framework/_CodeSignature/CodeResources
2026-03-18 06:52:18 +0000  copying file ./Payload/Runner.app/Frameworks/path_provider_foundation.framework/path_provider_foundation_privacy.bundle/PrivacyInfo.xcprivacy ... 
2026-03-18 06:52:18 +0000  373 bytes for ./Payload/Runner.app/Frameworks/path_provider_foundation.framework/path_provider_foundation_privacy.bundle/PrivacyInfo.xcprivacy
copying file ./Payload/Runner.app/Frameworks/path_provider_foundation.framework/path_provider_foundation_privacy.bundle/Info.plist ... 
2026-03-18 06:52:18 +0000  810 bytes for ./Payload/Runner.app/Frameworks/path_provider_foundation.framework/path_provider_foundation_privacy.bundle/Info.plist
copying file ./Payload/Runner.app/Frameworks/path_provider_foundation.framework/Info.plist ... 
2026-03-18 06:52:18 +0000  819 bytes for ./Payload/Runner.app/Frameworks/path_provider_foundation.framework/Info.plist
copying file ./Payload/Runner.app/Frameworks/path_provider_foundation.framework/path_provider_foundation ... 
2026-03-18 06:52:18 +0000  159216 bytes for ./Payload/Runner.app/Frameworks/path_provider_foundation.framework/path_provider_foundation
2026-03-18 06:52:18 +0000  copying file ./Payload/Runner.app/Frameworks/flutter_secure_storage.framework/_CodeSignature/CodeResources ... 
2026-03-18 06:52:18 +0000  2360 bytes for ./Payload/Runner.app/Frameworks/flutter_secure_storage.framework/_CodeSignature/CodeResources
2026-03-18 06:52:18 +0000  copying file ./Payload/Runner.app/Frameworks/flutter_secure_storage.framework/flutter_secure_storage ... 
2026-03-18 06:52:18 +0000  204416 bytes for ./Payload/Runner.app/Frameworks/flutter_secure_storage.framework/flutter_secure_storage
2026-03-18 06:52:18 +0000  copying file ./Payload/Runner.app/Frameworks/flutter_secure_storage.framework/flutter_secure_storage.bundle/PrivacyInfo.xcprivacy ... 
2026-03-18 06:52:18 +0000  372 bytes for ./Payload/Runner.app/Frameworks/flutter_secure_storage.framework/flutter_secure_storage.bundle/PrivacyInfo.xcprivacy
copying file ./Payload/Runner.app/Frameworks/flutter_secure_storage.framework/flutter_secure_storage.bundle/Info.plist ... 
2026-03-18 06:52:18 +0000  789 bytes for ./Payload/Runner.app/Frameworks/flutter_secure_storage.framework/flutter_secure_storage.bundle/Info.plist
copying file ./Payload/Runner.app/Frameworks/flutter_secure_storage.framework/Info.plist ... 
2026-03-18 06:52:18 +0000  815 bytes for ./Payload/Runner.app/Frameworks/flutter_secure_storage.framework/Info.plist
2026-03-18 06:52:18 +0000  copying file ./Payload/Runner.app/embedded.mobileprovision ... 
2026-03-18 06:52:18 +0000  24871 bytes for ./Payload/Runner.app/embedded.mobileprovision
2026-03-18 06:52:18 +0000  copying file ./Payload/Runner.app/Info.plist ... 
1495 bytes for ./Payload/Runner.app/Info.plist
2026-03-18 06:52:18 +0000  copying file ./Payload/Runner.app/PkgInfo ... 
8 bytes for ./Payload/Runner.app/PkgInfo
2026-03-18 06:52:18 +0000  copying file ./Symbols/4C4C4457-5555-3144-A190-34B5DA747DBC.symbols ... 
2026-03-18 06:52:21 +0000  53485740 bytes for ./Symbols/4C4C4457-5555-3144-A190-34B5DA747DBC.symbols
2026-03-18 06:52:21 +0000  copying file ./Symbols/A8167FC9-BBC8-33D8-9A42-68A662989D3E.symbols ... 
2026-03-18 06:52:21 +0000  2690092 bytes for ./Symbols/A8167FC9-BBC8-33D8-9A42-68A662989D3E.symbols
2026-03-18 06:52:21 +0000  copying file ./Symbols/95EAB919-9978-3F47-9C89-FDDD9D258C08.symbols ... 
2026-03-18 06:52:21 +0000  99276 bytes for ./Symbols/95EAB919-9978-3F47-9C89-FDDD9D258C08.symbols
2026-03-18 06:52:21 +0000  copying file ./Symbols/50D5F367-5FDF-32EB-A48B-47A48D30B336.symbols ... 
2026-03-18 06:52:21 +0000  27564 bytes for ./Symbols/50D5F367-5FDF-32EB-A48B-47A48D30B336.symbols
2026-03-18 06:52:21 +0000  copying file ./Symbols/A7FCE0E8-AA5C-31B5-93DE-075A78C85FDD.symbols ... 
2026-03-18 06:52:21 +0000  50644 bytes for ./Symbols/A7FCE0E8-AA5C-31B5-93DE-075A78C85FDD.symbols
2026-03-18 06:52:21 +0000  /usr/bin/ditto exited with 0
2026-03-18 06:52:21 +0000  Processing step: IDEDistributionAppStoreInformationStep
2026-03-18 06:52:21 +0000  Skipping step: IDEDistributionAppStoreInformationStep because it said so
2026-03-18 06:52:21 +0000  Processing step: IDEDistributionGenerateProcessedDistributionItems
2026-03-18 06:52:21 +0000  IDEDistributionItem init <DVTFilePath:0x60000adf4c80:'/var/folders/p_/fywqt15n1bb_vwtspnjg4cjc0000gn/T/XcodeDistPipeline.~~~WS3jgC/Root/Payload/Runner.app/Frameworks/path_provider_foundation.framework'>
2026-03-18 06:52:21 +0000  IDEDistributionItem init <DVTFilePath:0x60000e7fad00:'/var/folders/p_/fywqt15n1bb_vwtspnjg4cjc0000gn/T/XcodeDistPipeline.~~~WS3jgC/Root/Payload/Runner.app/Frameworks/App.framework'>
2026-03-18 06:52:21 +0000  IDEDistributionItem init <DVTFilePath:0x60000addfd80:'/var/folders/p_/fywqt15n1bb_vwtspnjg4cjc0000gn/T/XcodeDistPipeline.~~~WS3jgC/Root/Payload/Runner.app/Frameworks/flutter_secure_storage.framework'>
2026-03-18 06:52:21 +0000  IDEDistributionItem init <DVTFilePath:0x60002a87c0e0:'/var/folders/p_/fywqt15n1bb_vwtspnjg4cjc0000gn/T/XcodeDistPipeline.~~~WS3jgC/Root/Payload/Runner.app/Frameworks/Flutter.framework'>
2026-03-18 06:52:21 +0000  IDEDistributionItem init <DVTFilePath:0x60000e7e4a80:'/var/folders/p_/fywqt15n1bb_vwtspnjg4cjc0000gn/T/XcodeDistPipeline.~~~WS3jgC/Root/Payload/Runner.app'>
2026-03-18 06:52:21 +0000  Processing step: IDEDistributionCreateManifestStep
2026-03-18 06:52:21 +0000  Skipping step: IDEDistributionCreateManifestStep because it said so
